#
# A fatal error has been detected by the Java Runtime Environment:
#
#  SIGSEGV (0xb) at pc=0x000000011181b181, pid=13433, tid=50691
#
# JRE version: OpenJDK Runtime Environment Temurin-17.0.5+8 (17.0.5+8) (build 17.0.5+8)
# Java VM: OpenJDK 64-Bit Server VM Temurin-17.0.5+8 (17.0.5+8, mixed mode, tiered, compressed oops, compressed class ptrs, g1 gc, bsd-amd64)
# Problematic frame:
# j  java.lang.StringUTF16.indexOf([BII)I+0 java.base@17.0.5
#
# No core dump will be written. Core dumps have been disabled. To enable core dumping, try "ulimit -c unlimited" before starting Java again
#
# If you would like to submit a bug report, please visit:
#   https://github.com/adoptium/adoptium-support/issues
#

---------------  S U M M A R Y ------------

Command Line: /Users/minggaoxi/.vscode/extensions/sonarsource.sonarlint-vscode-3.12.0-darwin-x64/server/sonarlint-ls.jar 63263 -analyzers /Users/minggaoxi/.vscode/extensions/sonarsource.sonarlint-vscode-3.12.0-darwin-x64/analyzers/sonarjava.jar /Users/minggaoxi/.vscode/extensions/sonarsource.sonarlint-vscode-3.12.0-darwin-x64/analyzers/sonarjs.jar /Users/minggaoxi/.vscode/extensions/sonarsource.sonarlint-vscode-3.12.0-darwin-x64/analyzers/sonarphp.jar /Users/minggaoxi/.vscode/extensions/sonarsource.sonarlint-vscode-3.12.0-darwin-x64/analyzers/sonarpython.jar /Users/minggaoxi/.vscode/extensions/sonarsource.sonarlint-vscode-3.12.0-darwin-x64/analyzers/sonarhtml.jar /Users/minggaoxi/.vscode/extensions/sonarsource.sonarlint-vscode-3.12.0-darwin-x64/analyzers/sonarxml.jar /Users/minggaoxi/.vscode/extensions/sonarsource.sonarlint-vscode-3.12.0-darwin-x64/analyzers/sonarcfamily.jar -extraAnalyzers /Users/minggaoxi/.vscode/extensions/sonarsource.sonarlint-vscode-3.12.0-darwin-x64/analyzers/sonarsecrets.jar

Host: "MacBookPro16,1" x86_64 2400 MHz, 16 cores, 64G, Darwin 21.6.0, macOS 10.16 (21G115)
Time: Mon Nov 28 22:48:53 2022 CST elapsed time: 6.939446 seconds (0d 0h 0m 6s)

---------------  T H R E A D  ---------------

Current thread (0x00007fdd698d1600):  JavaThread "sonarlint-analysis-engine" [_thread_in_Java, id=50691, stack(0x000070001033d000,0x000070001043d000)]

Stack: [0x000070001033d000,0x000070001043d000],  sp=0x000070001043a5f8,  free space=1013k
Native frames: (J=compiled Java code, j=interpreted, Vv=VM code, C=native code)
j  java.lang.StringUTF16.indexOf([BII)I+0 java.base@17.0.5
J 3941 c2 org.sonarsource.sonarlint.core.analysis.sonarapi.ActiveRuleAdapter.ruleKey()Lorg/sonar/api/rule/RuleKey; (11 bytes) @ 0x00000001196266d4 [0x0000000119625bc0+0x0000000000000b14]
j  org.sonar.api.batch.rule.Checks.addAnnotatedChecks(Ljava/lang/Iterable;)Lorg/sonar/api/batch/rule/Checks;+106
j  org.sonar.plugins.python.PythonChecks.addChecks(Ljava/lang/String;Ljava/lang/Iterable;)Lorg/sonar/plugins/python/PythonChecks;+13
j  org.sonar.plugins.python.PythonSensor.<init>(Lorg/sonar/api/measures/FileLinesContextFactory;Lorg/sonar/api/batch/rule/CheckFactory;Lorg/sonar/api/issue/NoSonarFilter;[Lorg/sonar/plugins/python/api/PythonCustomRuleRepository;Lorg/sonar/plugins/python/indexer/PythonIndexer;Lorg/sonar/plugins/python/warnings/AnalysisWarningsWrapper;)V+18
v  ~StubRoutines::call_stub
V  [libjvm.dylib+0x51bf56]  JavaCalls::call_helper(JavaValue*, methodHandle const&, JavaCallArguments*, JavaThread*)+0x2b6
V  [libjvm.dylib+0x9234b0]  invoke(InstanceKlass*, methodHandle const&, Handle, bool, objArrayHandle, BasicType, objArrayHandle, bool, JavaThread*)+0xa10
V  [libjvm.dylib+0x923b60]  Reflection::invoke_constructor(oopDesc*, objArrayHandle, JavaThread*)+0x1b0
V  [libjvm.dylib+0x5ca78f]  JVM_NewInstanceFromConstructor+0x15f
J 1339  jdk.internal.reflect.NativeConstructorAccessorImpl.newInstance0(Ljava/lang/reflect/Constructor;[Ljava/lang/Object;)Ljava/lang/Object; java.base@17.0.5 (0 bytes) @ 0x00000001193fd820 [0x00000001193fd740+0x00000000000000e0]
J 1338 c1 jdk.internal.reflect.NativeConstructorAccessorImpl.newInstance([Ljava/lang/Object;)Ljava/lang/Object; java.base@17.0.5 (122 bytes) @ 0x00000001121c0074 [0x00000001121bf700+0x0000000000000974]
J 3557 c2 java.lang.reflect.Constructor.newInstanceWithCaller([Ljava/lang/Object;ZLjava/lang/Class;)Ljava/lang/Object; java.base@17.0.5 (76 bytes) @ 0x00000001195ce890 [0x00000001195ce7e0+0x00000000000000b0]
J 929 c1 java.lang.reflect.Constructor.newInstance([Ljava/lang/Object;)Ljava/lang/Object; java.base@17.0.5 (34 bytes) @ 0x00000001120eb5a4 [0x00000001120eb440+0x0000000000000164]
j  org.sonarsource.sonarlint.shaded.org.springframework.beans.BeanUtils.instantiateClass(Ljava/lang/reflect/Constructor;[Ljava/lang/Object;)Ljava/lang/Object;+128
j  org.sonarsource.sonarlint.shaded.org.springframework.beans.factory.support.SimpleInstantiationStrategy.instantiate(Lorg/sonarsource/sonarlint/shaded/org/springframework/beans/factory/support/RootBeanDefinition;Ljava/lang/String;Lorg/sonarsource/sonarlint/shaded/org/springframework/beans/factory/BeanFactory;Ljava/lang/reflect/Constructor;[Ljava/lang/Object;)Ljava/lang/Object;+28
j  org.sonarsource.sonarlint.shaded.org.springframework.beans.factory.support.ConstructorResolver.instantiate(Ljava/lang/String;Lorg/sonarsource/sonarlint/shaded/org/springframework/beans/factory/support/RootBeanDefinition;Ljava/lang/reflect/Constructor;[Ljava/lang/Object;)Ljava/lang/Object;+50
j  org.sonarsource.sonarlint.shaded.org.springframework.beans.factory.support.ConstructorResolver.autowireConstructor(Ljava/lang/String;Lorg/sonarsource/sonarlint/shaded/org/springframework/beans/factory/support/RootBeanDefinition;[Ljava/lang/reflect/Constructor;[Ljava/lang/Object;)Lorg/sonarsource/sonarlint/shaded/org/springframework/beans/BeanWrapper;+987
j  org.sonarsource.sonarlint.shaded.org.springframework.beans.factory.support.AbstractAutowireCapableBeanFactory.autowireConstructor(Ljava/lang/String;Lorg/sonarsource/sonarlint/shaded/org/springframework/beans/factory/support/RootBeanDefinition;[Ljava/lang/reflect/Constructor;[Ljava/lang/Object;)Lorg/sonarsource/sonarlint/shaded/org/springframework/beans/BeanWrapper;+13
j  org.sonarsource.sonarlint.shaded.org.springframework.beans.factory.support.AbstractAutowireCapableBeanFactory.createBeanInstance(Ljava/lang/String;Lorg/sonarsource/sonarlint/shaded/org/springframework/beans/factory/support/RootBeanDefinition;[Ljava/lang/Object;)Lorg/sonarsource/sonarlint/shaded/org/springframework/beans/BeanWrapper;+243
j  org.sonarsource.sonarlint.shaded.org.springframework.beans.factory.support.AbstractAutowireCapableBeanFactory.doCreateBean(Ljava/lang/String;Lorg/sonarsource/sonarlint/shaded/org/springframework/beans/factory/support/RootBeanDefinition;[Ljava/lang/Object;)Ljava/lang/Object;+34
j  org.sonarsource.sonarlint.shaded.org.springframework.beans.factory.support.AbstractAutowireCapableBeanFactory.createBean(Ljava/lang/String;Lorg/sonarsource/sonarlint/shaded/org/springframework/beans/factory/support/RootBeanDefinition;[Ljava/lang/Object;)Ljava/lang/Object;+173
j  org.sonarsource.sonarlint.shaded.org.springframework.beans.factory.support.AbstractBeanFactory.lambda$doGetBean$0(Ljava/lang/String;Lorg/sonarsource/sonarlint/shaded/org/springframework/beans/factory/support/RootBeanDefinition;[Ljava/lang/Object;)Ljava/lang/Object;+4
j  org.sonarsource.sonarlint.shaded.org.springframework.beans.factory.support.AbstractBeanFactory$$Lambda$258+0x00000008002c8640.getObject()Ljava/lang/Object;+16
j  org.sonarsource.sonarlint.shaded.org.springframework.beans.factory.support.DefaultSingletonBeanRegistry.getSingleton(Ljava/lang/String;Lorg/sonarsource/sonarlint/shaded/org/springframework/beans/factory/ObjectFactory;)Ljava/lang/Object;+132
j  org.sonarsource.sonarlint.shaded.org.springframework.beans.factory.support.AbstractBeanFactory.doGetBean(Ljava/lang/String;Ljava/lang/Class;[Ljava/lang/Object;Z)Ljava/lang/Object;+516
j  org.sonarsource.sonarlint.shaded.org.springframework.beans.factory.support.AbstractBeanFactory.getBean(Ljava/lang/String;)Ljava/lang/Object;+5
j  org.sonarsource.sonarlint.shaded.org.springframework.beans.factory.config.DependencyDescriptor.resolveCandidate(Ljava/lang/String;Ljava/lang/Class;Lorg/sonarsource/sonarlint/shaded/org/springframework/beans/factory/BeanFactory;)Ljava/lang/Object;+2
j  org.sonarsource.sonarlint.shaded.org.springframework.beans.factory.support.DefaultListableBeanFactory.addCandidateEntry(Ljava/util/Map;Ljava/lang/String;Lorg/sonarsource/sonarlint/shaded/org/springframework/beans/factory/config/DependencyDescriptor;Ljava/lang/Class;)V+12
j  org.sonarsource.sonarlint.shaded.org.springframework.beans.factory.support.DefaultListableBeanFactory.findAutowireCandidates(Ljava/lang/String;Ljava/lang/Class;Lorg/sonarsource/sonarlint/shaded/org/springframework/beans/factory/config/DependencyDescriptor;)Ljava/util/Map;+179
j  org.sonarsource.sonarlint.shaded.org.springframework.beans.factory.support.DefaultListableBeanFactory.resolveMultipleBeans(Lorg/sonarsource/sonarlint/shaded/org/springframework/beans/factory/config/DependencyDescriptor;Ljava/lang/String;Ljava/util/Set;Lorg/sonarsource/sonarlint/shaded/org/springframework/beans/TypeConverter;)Ljava/lang/Object;+332
j  org.sonarsource.sonarlint.shaded.org.springframework.beans.factory.support.DefaultListableBeanFactory.doResolveDependency(Lorg/sonarsource/sonarlint/shaded/org/springframework/beans/factory/config/DependencyDescriptor;Ljava/lang/String;Ljava/util/Set;Lorg/sonarsource/sonarlint/shaded/org/springframework/beans/TypeConverter;)Ljava/lang/Object;+207
j  org.sonarsource.sonarlint.shaded.org.springframework.beans.factory.support.DefaultListableBeanFactory.createOptionalDependency(Lorg/sonarsource/sonarlint/shaded/org/springframework/beans/factory/config/DependencyDescriptor;Ljava/lang/String;[Ljava/lang/Object;)Ljava/util/Optional;+18
j  org.sonarsource.sonarlint.shaded.org.springframework.beans.factory.support.DefaultListableBeanFactory.resolveDependency(Lorg/sonarsource/sonarlint/shaded/org/springframework/beans/factory/config/DependencyDescriptor;Ljava/lang/String;Ljava/util/Set;Lorg/sonarsource/sonarlint/shaded/org/springframework/beans/TypeConverter;)Ljava/lang/Object;+25
j  org.sonarsource.sonarlint.shaded.org.springframework.beans.factory.support.ConstructorResolver.resolveAutowiredArgument(Lorg/sonarsource/sonarlint/shaded/org/springframework/core/MethodParameter;Ljava/lang/String;Ljava/util/Set;Lorg/sonarsource/sonarlint/shaded/org/springframework/beans/TypeConverter;Z)Ljava/lang/Object;+81
j  org.sonarsource.sonarlint.shaded.org.springframework.beans.factory.support.ConstructorResolver.createArgumentArray(Ljava/lang/String;Lorg/sonarsource/sonarlint/shaded/org/springframework/beans/factory/support/RootBeanDefinition;Lorg/sonarsource/sonarlint/shaded/org/springframework/beans/factory/config/ConstructorArgumentValues;Lorg/sonarsource/sonarlint/shaded/org/springframework/beans/BeanWrapper;[Ljava/lang/Class;[Ljava/lang/String;Ljava/lang/reflect/Executable;ZZ)Lorg/sonarsource/sonarlint/shaded/org/springframework/beans/factory/support/ConstructorResolver$ArgumentsHolder;+440
j  org.sonarsource.sonarlint.shaded.org.springframework.beans.factory.support.ConstructorResolver.autowireConstructor(Ljava/lang/String;Lorg/sonarsource/sonarlint/shaded/org/springframework/beans/factory/support/RootBeanDefinition;[Ljava/lang/reflect/Constructor;[Ljava/lang/Object;)Lorg/sonarsource/sonarlint/shaded/org/springframework/beans/BeanWrapper;+545
j  org.sonarsource.sonarlint.shaded.org.springframework.beans.factory.support.AbstractAutowireCapableBeanFactory.autowireConstructor(Ljava/lang/String;Lorg/sonarsource/sonarlint/shaded/org/springframework/beans/factory/support/RootBeanDefinition;[Ljava/lang/reflect/Constructor;[Ljava/lang/Object;)Lorg/sonarsource/sonarlint/shaded/org/springframework/beans/BeanWrapper;+13
j  org.sonarsource.sonarlint.shaded.org.springframework.beans.factory.support.AbstractAutowireCapableBeanFactory.createBeanInstance(Ljava/lang/String;Lorg/sonarsource/sonarlint/shaded/org/springframework/beans/factory/support/RootBeanDefinition;[Ljava/lang/Object;)Lorg/sonarsource/sonarlint/shaded/org/springframework/beans/BeanWrapper;+222
j  org.sonarsource.sonarlint.shaded.org.springframework.beans.factory.support.AbstractAutowireCapableBeanFactory.doCreateBean(Ljava/lang/String;Lorg/sonarsource/sonarlint/shaded/org/springframework/beans/factory/support/RootBeanDefinition;[Ljava/lang/Object;)Ljava/lang/Object;+34
j  org.sonarsource.sonarlint.shaded.org.springframework.beans.factory.support.AbstractAutowireCapableBeanFactory.createBean(Ljava/lang/String;Lorg/sonarsource/sonarlint/shaded/org/springframework/beans/factory/support/RootBeanDefinition;[Ljava/lang/Object;)Ljava/lang/Object;+173
j  org.sonarsource.sonarlint.shaded.org.springframework.beans.factory.support.AbstractBeanFactory.lambda$doGetBean$0(Ljava/lang/String;Lorg/sonarsource/sonarlint/shaded/org/springframework/beans/factory/support/RootBeanDefinition;[Ljava/lang/Object;)Ljava/lang/Object;+4
j  org.sonarsource.sonarlint.shaded.org.springframework.beans.factory.support.AbstractBeanFactory$$Lambda$258+0x00000008002c8640.getObject()Ljava/lang/Object;+16
j  org.sonarsource.sonarlint.shaded.org.springframework.beans.factory.support.DefaultSingletonBeanRegistry.getSingleton(Ljava/lang/String;Lorg/sonarsource/sonarlint/shaded/org/springframework/beans/factory/ObjectFactory;)Ljava/lang/Object;+132
j  org.sonarsource.sonarlint.shaded.org.springframework.beans.factory.support.AbstractBeanFactory.doGetBean(Ljava/lang/String;Ljava/lang/Class;[Ljava/lang/Object;Z)Ljava/lang/Object;+516
j  org.sonarsource.sonarlint.shaded.org.springframework.beans.factory.support.AbstractBeanFactory.getBean(Ljava/lang/String;Ljava/lang/Class;[Ljava/lang/Object;)Ljava/lang/Object;+5
j  org.sonarsource.sonarlint.shaded.org.springframework.beans.factory.support.DefaultListableBeanFactory.resolveNamedBean(Ljava/lang/String;Lorg/sonarsource/sonarlint/shaded/org/springframework/core/ResolvableType;[Ljava/lang/Object;)Lorg/sonarsource/sonarlint/shaded/org/springframework/beans/factory/config/NamedBeanHolder;+4
j  org.sonarsource.sonarlint.shaded.org.springframework.beans.factory.support.DefaultListableBeanFactory.resolveNamedBean(Lorg/sonarsource/sonarlint/shaded/org/springframework/core/ResolvableType;[Ljava/lang/Object;Z)Lorg/sonarsource/sonarlint/shaded/org/springframework/beans/factory/config/NamedBeanHolder;+129
j  org.sonarsource.sonarlint.shaded.org.springframework.beans.factory.support.DefaultListableBeanFactory.resolveBean(Lorg/sonarsource/sonarlint/shaded/org/springframework/core/ResolvableType;[Ljava/lang/Object;Z)Ljava/lang/Object;+4
j  org.sonarsource.sonarlint.shaded.org.springframework.beans.factory.support.DefaultListableBeanFactory.getBean(Ljava/lang/Class;[Ljava/lang/Object;)Ljava/lang/Object;+14
j  org.sonarsource.sonarlint.shaded.org.springframework.beans.factory.support.DefaultListableBeanFactory.getBean(Ljava/lang/Class;)Ljava/lang/Object;+6
j  org.sonarsource.sonarlint.shaded.org.springframework.context.support.AbstractApplicationContext.getBean(Ljava/lang/Class;)Ljava/lang/Object;+9
j  org.sonarsource.sonarlint.core.plugin.commons.container.SpringComponentContainer.getComponentByType(Ljava/lang/Class;)Ljava/lang/Object;+5
j  org.sonarsource.sonarlint.core.analysis.container.analysis.AnalysisContainer.doAfterStart()V+23
j  org.sonarsource.sonarlint.core.plugin.commons.container.SpringComponentContainer.startComponents()Lorg/sonarsource/sonarlint/core/plugin/commons/container/SpringComponentContainer;+12
j  org.sonarsource.sonarlint.core.plugin.commons.container.SpringComponentContainer.execute()V+3
j  org.sonarsource.sonarlint.core.analysis.container.module.ModuleContainer.analyze(Lorg/sonarsource/sonarlint/core/analysis/api/AnalysisConfiguration;Ljava/util/function/Consumer;Lorg/sonarsource/sonarlint/core/commons/progress/ProgressMonitor;)Lorg/sonarsource/sonarlint/core/analysis/api/AnalysisResults;+122
j  org.sonarsource.sonarlint.core.analysis.command.AnalyzeCommand.execute(Lorg/sonarsource/sonarlint/core/analysis/container/global/ModuleRegistry;Lorg/sonarsource/sonarlint/core/commons/progress/ProgressMonitor;)Lorg/sonarsource/sonarlint/core/analysis/api/AnalysisResults;+63
j  org.sonarsource.sonarlint.core.analysis.command.AnalyzeCommand.execute(Lorg/sonarsource/sonarlint/core/analysis/container/global/ModuleRegistry;Lorg/sonarsource/sonarlint/core/commons/progress/ProgressMonitor;)Ljava/lang/Object;+3
j  org.sonarsource.sonarlint.core.analysis.AnalysisEngine$AsyncCommand.execute(Lorg/sonarsource/sonarlint/core/analysis/container/global/ModuleRegistry;)V+9
j  org.sonarsource.sonarlint.core.analysis.AnalysisEngine.executeQueuedCommands()V+79
j  org.sonarsource.sonarlint.core.analysis.AnalysisEngine$$Lambda$356+0x00000008004bf170.run()V+4
j  java.lang.Thread.run()V+11 java.base@17.0.5
v  ~StubRoutines::call_stub
V  [libjvm.dylib+0x51bf56]  JavaCalls::call_helper(JavaValue*, methodHandle const&, JavaCallArguments*, JavaThread*)+0x2b6
V  [libjvm.dylib+0x51afb7]  JavaCalls::call_virtual(JavaValue*, Klass*, Symbol*, Symbol*, JavaCallArguments*, JavaThread*)+0x147
V  [libjvm.dylib+0x51b083]  JavaCalls::call_virtual(JavaValue*, Handle, Klass*, Symbol*, Symbol*, JavaThread*)+0x63
V  [libjvm.dylib+0x5c60d4]  thread_entry(JavaThread*, JavaThread*)+0xb4
V  [libjvm.dylib+0xaa40af]  JavaThread::thread_main_inner()+0x14f
V  [libjvm.dylib+0xaa241f]  Thread::call_run()+0xcf
V  [libjvm.dylib+0x8af1eb]  thread_native_entry(Thread*)+0x14b
C  [libsystem_pthread.dylib+0x64e1]  _pthread_start+0x7d
C  [libsystem_pthread.dylib+0x1f6b]  thread_start+0xf


siginfo: si_signo: 11 (SIGSEGV), si_code: 1 (SEGV_MAPERR), si_addr: 0x000000000318037c

Register to memory mapping:

RAX=0x0000000003180370 is an unknown value
RBX=0x00000000000000be is an unknown value
RCX=0x0000000000000080 is an unknown value
RDX=0x00000001035a3d28 is pointing into metadata
RSP=0x000070001043a5f8 is pointing into the stack for thread: 0x00007fdd698d1600
RBP=0x000070001043a640 is pointing into the stack for thread: 0x00007fdd698d1600
RSI=0x0000000003180370 is an unknown value
RDI=0x000000014b0fc768 is pointing into metadata
R8 =0x0000000083e9da09 is an unknown value
R9 =2161117894 is a compressed pointer to object: [Ljava.lang.Object; 
{0x0000000406805630} - klass: 'java/lang/Object'[]
 - length: 163
R10=0x0000000104968290: _ZN19TemplateInterpreter13_active_tableE+0x4000 in /Users/minggaoxi/.vscode/extensions/sonarsource.sonarlint-vscode-3.12.0-darwin-x64/jre/17.0.5-macosx-x86_64.tar/lib/server/libjvm.dylib at 0x0000000103be2000
R11=2164102372 is a compressed pointer to object: org.sonarsource.sonarlint.core.analysis.api.ActiveRule 
{0x0000000407eca720} - klass: 'org/sonarsource/sonarlint/core/analysis/api/ActiveRule'
 - ---- fields (total size 4 words):
 - private final 'ruleKey' 'Ljava/lang/String;' @12  
[error occurred during error reporting (printing register info), id 0xa, SIGBUS (0xa) at pc=0x000000010447ff0e]

Registers:
RAX=0x0000000003180370, RBX=0x00000000000000be, RCX=0x0000000000000080, RDX=0x00000001035a3d28
RSP=0x000070001043a5f8, RBP=0x000070001043a640, RSI=0x0000000003180370, RDI=0x000000014b0fc768
R8 =0x0000000083e9da09, R9 =0x0000000080d00ac6, R10=0x0000000104968290, R11=0x0000000080fd94e4
R12=0x0000000000000000, R13=0x00000001035a0be1, R14=0x000070001043a668, R15=0x00007fdd698d1600
RIP=0x000000011181b181, EFLAGS=0x0000000000010206, ERR=0x0000000000000004
  TRAPNO=0x000000000000000e

Top of Stack: (sp=0x000070001043a5f8)
0x000070001043a5f8:   000070001043a5f8 00000001035a0be0
0x000070001043a608:   000070001043a668 00000001035a3d28
0x000070001043a618:   000000010348de00 0000000400716970
0x000070001043a628:   00000001035a0c10 0000000000000000
0x000070001043a638:   000070001043a670 000070001043a740
0x000070001043a648:   00000001196266d4 0000000000000000
0x000070001043a658:   0000000000000000 000070000000003a
0x000070001043a668:   0000000003180370 000000041f4ed048
0x000070001043a678:   00000001127f8cac 000070001043a740
0x000070001043a688:   00000001127f8224 0000000000000006
0x000070001043a698:   0000000406164070 0000000406160758
0x000070001043a6a8:   0000000483e9da09 00000004063263b8
0x000070001043a6b8:   0000000400fb1ce8 000070001043a740
0x000070001043a6c8:   000000011180942b 000070001043a740
0x000070001043a6d8:   00000001118096a2 00000001118096a2
0x000070001043a6e8:   00000004072273a8 0000000000000000
0x000070001043a6f8:   000070001043a6f8 00000001088c1632
0x000070001043a708:   000070001043a788 000000014b0f6000
0x000070001043a718:   0000000000000000 0000000400cb39d8
0x000070001043a728:   00000001088c16f0 000070001043a6e8
0x000070001043a738:   000070001043a780 000070001043a7e0
0x000070001043a748:   000000011180923e 00000004063262a8
0x000070001043a758:   0000000400fb1ce8 00000004063260f8
0x000070001043a768:   00000004072273a8 0000000406164c40
0x000070001043a778:   0000000406161fc0 0000000406160748
0x000070001043a788:   0000000406160758 000000040615df40
0x000070001043a798:   000070001043a798 000000014b23da3d
0x000070001043a7a8:   000070001043a800 000000014b23df40
0x000070001043a7b8:   0000000000000000 000000040615ddd8
0x000070001043a7c8:   000000014b23da78 000070001043a780
0x000070001043a7d8:   000070001043a7f0 000070001043a858
0x000070001043a7e8:   000000011180923e 0000000406160748 

Instructions: (pc=0x000000011181b181)
0x000000011181b081:   04 24 48 83 c4 08 41 0f b7 55 01 0f ca c1 ea 10
0x000000011181b091:   48 8b 75 e8 48 8b 76 08 48 8b 76 08 e8 05 00 00
0x000000011181b0a1:   00 e9 95 00 00 00 48 8b c8 48 8d 44 24 08 4c 89
0x000000011181b0b1:   6d c0 49 8b ff c5 f8 77 49 89 af 98 02 00 00 49
0x000000011181b0c1:   89 87 88 02 00 00 f7 c4 0f 00 00 00 0f 84 12 00
0x000000011181b0d1:   00 00 48 83 ec 08 e8 74 8b 8d f2 48 83 c4 08 e9
0x000000011181b0e1:   05 00 00 00 e8 66 8b 8d f2 49 c7 87 88 02 00 00
0x000000011181b0f1:   00 00 00 00 49 c7 87 98 02 00 00 00 00 00 00 49
0x000000011181b101:   c7 87 90 02 00 00 00 00 00 00 c5 f8 77 49 81 7f
0x000000011181b111:   08 00 00 00 00 0f 84 05 00 00 00 e9 df 5a fe ff
0x000000011181b121:   49 8b 87 e0 02 00 00 49 c7 87 e0 02 00 00 00 00
0x000000011181b131:   00 00 4c 8b 6d c0 4c 8b 75 c8 c3 41 0f b6 5d 03
0x000000011181b141:   49 83 c5 03 49 ba 90 82 96 04 01 00 00 00 41 ff
0x000000011181b151:   24 da 0f 1f 44 00 00 00 00 00 00 00 00 00 00 40
0x000000011181b161:   00 00 00 00 00 00 00 17 b1 77 04 01 00 00 00 be
0x000000011181b171:   00 00 00 00 00 00 00 00 00 00 00 00 00 00 00 58
0x000000011181b181:   8b 40 0c 41 0f b6 5d 01 49 ff c5 49 ba 90 62 96
0x000000011181b191:   04 01 00 00 00 41 ff 24 da 66 0f 1f 44 00 00 40
0x000000011181b1a1:   00 00 00 00 00 00 00 23 b1 77 04 01 00 00 00 bf
0x000000011181b1b1:   00 00 00 00 00 00 00 00 00 00 00 00 00 00 00 58
0x000000011181b1c1:   48 3b 00 e9 ea 01 ff ff 0f 1f 80 00 00 00 00 00
0x000000011181b1d1:   00 00 00 00 00 00 00 00 00 00 00 00 00 00 00 60
0x000000011181b1e1:   02 00 00 00 00 00 00 2a b1 77 04 01 00 00 00 c0
0x000000011181b1f1:   00 00 00 00 00 00 00 00 00 00 00 00 00 00 00 58
0x000000011181b201:   48 85 c0 0f 84 e9 01 00 00 48 8b 4d e8 48 8b 49
0x000000011181b211:   08 48 8b 49 08 48 8b 51 08 41 0f b7 5d 01 0f cb
0x000000011181b221:   c1 eb 10 80 7c 1a 04 07 0f 84 a0 00 00 00 50 e8
0x000000011181b231:   05 00 00 00 e9 80 00 00 00 48 8d 44 24 08 4c 89
0x000000011181b241:   6d c0 49 8b ff c5 f8 77 49 89 af 98 02 00 00 49
0x000000011181b251:   89 87 88 02 00 00 f7 c4 0f 00 00 00 0f 84 12 00
0x000000011181b261:   00 00 48 83 ec 08 e8 a4 8f 8d f2 48 83 c4 08 e9
0x000000011181b271:   05 00 00 00 e8 96 8f 8d f2 49 c7 87 88 02 00 00 


Stack slot to memory mapping:
stack at sp + 0 slots: 0x000070001043a5f8 is pointing into the stack for thread: 0x00007fdd698d1600
stack at sp + 1 slots: 0x00000001035a0be0 is pointing into metadata
stack at sp + 2 slots: 0x000070001043a668 is pointing into the stack for thread: 0x00007fdd698d1600
stack at sp + 3 slots: 0x00000001035a3d28 is pointing into metadata
stack at sp + 4 slots: 0x000000010348de00 is pointing into metadata
stack at sp + 5 slots: 0x0000000400716970 is an oop: java.lang.Class 
{0x0000000400716970} - klass: 'java/lang/Class'
 - ---- fields (total size 16 words):
 - private volatile transient 'classRedefinedCount' 'I' @12  0
 - private volatile transient 'cachedConstructor' 'Ljava/lang/reflect/Constructor;' @40  NULL (0)
 - private transient 'name' 'Ljava/lang/String;' @44  NULL (0)
 - private transient 'module' 'Ljava/lang/Module;' @48  a 'java/lang/Module'{0x000000040000ae38} (800015c7)
 - private final 'classLoader' 'Ljava/lang/ClassLoader;' @52  NULL (0)
 - private transient 'classData' 'Ljava/lang/Object;' @56  NULL (0)
 - private transient 'packageName' 'Ljava/lang/String;' @60  NULL (0)
 - private final 'componentType' 'Ljava/lang/Class;' @64  NULL (0)
 - private volatile transient 'reflectionData' 'Ljava/lang/ref/SoftReference;' @68  NULL (0)
 - private volatile transient 'genericInfo' 'Lsun/reflect/generics/repository/ClassRepository;' @72  NULL (0)
 - private volatile transient 'enumConstants' '[Ljava/lang/Object;' @76  NULL (0)
 - private volatile transient 'enumConstantDirectory' 'Ljava/util/Map;' @80  NULL (0)
 - private volatile transient 'annotationData' 'Ljava/lang/Class$AnnotationData;' @84  NULL (0)
 - private volatile transient 'annotationType' 'Lsun/reflect/annotation/AnnotationType;' @88  NULL (0)
 - transient 'classValueMap' 'Ljava/lang/ClassValue$ClassValueMap;' @92  NULL (0)
 - signature: Ljava/lang/StringUTF16;
 - fake entry for mirror: 'java/lang/StringUTF16'
 - fake entry for array: NULL
 - fake entry for oop_size: 16
 - fake entry for static_oop_field_count: 0
 - static final 'HI_BYTE_SHIFT' 'I' @112  0
 - static final 'LO_BYTE_SHIFT' 'I' @116  8
 - static final 'MAX_LENGTH' 'I' @120  1073741823 (3fffffff)
 - static final synthetic '$assertionsDisabled' 'Z' @124  true
stack at sp + 6 slots: {method} {0x00000001035a0c10} 'indexOf' '([BII)I' in 'java/lang/StringUTF16'
stack at sp + 7 slots: 0x0 is NULL

arraylength  190 arraylength  [0x000000011181b180, 0x000000011181b1a0]  32 bytes
[MachCode]
  0x000000011181b180: 588b 400c | 410f b65d | 0149 ffc5 | 49ba 9062 | 9604 0100 | 0000 41ff | 24da 660f | 1f44 0000 
[/MachCode]

---------------  P R O C E S S  ---------------

Threads class SMR info:
_java_thread_list=0x00007fdd16f1ce60, length=50, elements={
0x00007fdd6980c000, 0x00007fdd37013c00, 0x00007fdd68008600, 0x00007fdd6800d000,
0x00007fdd6800d600, 0x00007fdd6800dc00, 0x00007fdd68008c00, 0x00007fdd37014800,
0x00007fdd3701d200, 0x00007fdd3701d800, 0x00007fdd6980a600, 0x00007fdd3701ae00,
0x00007fdd6717a200, 0x00007fdd6717a800, 0x00007fdd37018e00, 0x00007fdd68875600,
0x00007fdd4707f400, 0x00007fdd6981cc00, 0x00007fdd3780e600, 0x00007fdd3780ec00,
0x00007fdd6801d800, 0x00007fdd6717ae00, 0x00007fdd6986fc00, 0x00007fdd31008200,
0x00007fdd4082ac00, 0x00007fdd37812a00, 0x00007fdd69870200, 0x00007fdd6717fa00,
0x00007fdd68877c00, 0x00007fdd37813000, 0x00007fdd671d9400, 0x00007fdd671d9a00,
0x00007fdd671da000, 0x00007fdd40884600, 0x00007fdd6801a000, 0x00007fdd68878a00,
0x00007fdd6717d800, 0x00007fdd4087d600, 0x00007fdd40888e00, 0x00007fdd6801a600,
0x00007fdd681c0400, 0x00007fdd4087be00, 0x00007fdd6886f200, 0x00007fdcf701c000,
0x00007fdd681c1200, 0x00007fdd6988ae00, 0x00007fdd470a8e00, 0x00007fdd378ff800,
0x00007fdd698d1600, 0x00007fdd30012400
}

Java Threads: ( => current thread )
  0x00007fdd6980c000 JavaThread "Reference Handler" daemon [_thread_blocked, id=17155, stack(0x000070000c37d000,0x000070000c47d000)]
  0x00007fdd37013c00 JavaThread "Finalizer" daemon [_thread_blocked, id=16131, stack(0x000070000c480000,0x000070000c580000)]
  0x00007fdd68008600 JavaThread "Signal Dispatcher" daemon [_thread_blocked, id=22787, stack(0x000070000c689000,0x000070000c789000)]
  0x00007fdd6800d000 JavaThread "Service Thread" daemon [_thread_blocked, id=23299, stack(0x000070000c78c000,0x000070000c88c000)]
  0x00007fdd6800d600 JavaThread "Monitor Deflation Thread" daemon [_thread_blocked, id=23811, stack(0x000070000c88f000,0x000070000c98f000)]
  0x00007fdd6800dc00 JavaThread "C2 CompilerThread0" daemon [_thread_in_native, id=24323, stack(0x000070000c992000,0x000070000ca92000)]
  0x00007fdd68008c00 JavaThread "C1 CompilerThread0" daemon [_thread_blocked, id=42243, stack(0x000070000ca95000,0x000070000cb95000)]
  0x00007fdd37014800 JavaThread "Sweeper thread" daemon [_thread_blocked, id=41987, stack(0x000070000cb98000,0x000070000cc98000)]
  0x00007fdd3701d200 JavaThread "Notification Thread" daemon [_thread_blocked, id=25859, stack(0x000070000cd9e000,0x000070000ce9e000)]
  0x00007fdd3701d800 JavaThread "Common-Cleaner" daemon [_thread_blocked, id=26627, stack(0x000070000cfa4000,0x000070000d0a4000)]
  0x00007fdd6980a600 JavaThread "Notifications timer" daemon [_thread_blocked, id=40451, stack(0x000070000d2ad000,0x000070000d3ad000)]
  0x00007fdd3701ae00 JavaThread "Binding updates checker" [_thread_blocked, id=39683, stack(0x000070000d4b3000,0x000070000d5b3000)]
  0x00007fdd6717a200 JavaThread "SonarLint LSP message processor" [_thread_in_native, id=27395, stack(0x000070000d5b6000,0x000070000d6b6000)]
  0x00007fdd6717a800 JavaThread "DestroyJavaVM" [_thread_blocked, id=5891, stack(0x000070000bc68000,0x000070000bd68000)]
  0x00007fdd37018e00 JavaThread "ForkJoinPool.commonPool-worker-1" daemon [_thread_blocked, id=38915, stack(0x000070000d6b9000,0x000070000d7b9000)]
  0x00007fdd68875600 JavaThread "httpclient-main-1" daemon [_thread_blocked, id=28163, stack(0x000070000d9c2000,0x000070000dac2000)]
  0x00007fdd4707f400 JavaThread "sonarlint-auto-trigger" daemon [_thread_blocked, id=37891, stack(0x000070000dac5000,0x000070000dbc5000)]
  0x00007fdd6981cc00 JavaThread "httpclient-dispatch-1" daemon [_thread_in_native, id=28675, stack(0x000070000dbc8000,0x000070000dcc8000)]
  0x00007fdd3780e600 JavaThread "httpclient-dispatch-2" daemon [_thread_in_native, id=29187, stack(0x000070000dccb000,0x000070000ddcb000)]
  0x00007fdd3780ec00 JavaThread "httpclient-dispatch-3" daemon [_thread_in_native, id=37379, stack(0x000070000ddce000,0x000070000dece000)]
  0x00007fdd6801d800 JavaThread "httpclient-dispatch-4" daemon [_thread_in_native, id=36867, stack(0x000070000ded1000,0x000070000dfd1000)]
  0x00007fdd6717ae00 JavaThread "httpclient-dispatch-5" daemon [_thread_in_native, id=36355, stack(0x000070000dfd4000,0x000070000e0d4000)]
  0x00007fdd6986fc00 JavaThread "httpclient-dispatch-6" daemon [_thread_in_native, id=36099, stack(0x000070000e0d7000,0x000070000e1d7000)]
  0x00007fdd31008200 JavaThread "httpclient-dispatch-7" daemon [_thread_in_native, id=35587, stack(0x000070000e1da000,0x000070000e2da000)]
  0x00007fdd4082ac00 JavaThread "httpclient-dispatch-8" daemon [_thread_in_native, id=29955, stack(0x000070000e2dd000,0x000070000e3dd000)]
  0x00007fdd37812a00 JavaThread "httpclient-dispatch-9" daemon [_thread_in_native, id=30211, stack(0x000070000e3e0000,0x000070000e4e0000)]
  0x00007fdd69870200 JavaThread "httpclient-dispatch-10" daemon [_thread_in_native, id=34819, stack(0x000070000e4e3000,0x000070000e5e3000)]
  0x00007fdd6717fa00 JavaThread "httpclient-dispatch-11" daemon [_thread_in_native, id=34563, stack(0x000070000e5e6000,0x000070000e6e6000)]
  0x00007fdd68877c00 JavaThread "httpclient-dispatch-12" daemon [_thread_in_native, id=34307, stack(0x000070000e6e9000,0x000070000e7e9000)]
  0x00007fdd37813000 JavaThread "httpclient-dispatch-13" daemon [_thread_in_native, id=34051, stack(0x000070000e7ec000,0x000070000e8ec000)]
  0x00007fdd671d9400 JavaThread "httpclient-dispatch-14" daemon [_thread_in_native, id=33795, stack(0x000070000e8ef000,0x000070000e9ef000)]
  0x00007fdd671d9a00 JavaThread "httpclient-dispatch-15" daemon [_thread_in_native, id=33539, stack(0x000070000e9f2000,0x000070000eaf2000)]
  0x00007fdd671da000 JavaThread "httpclient-dispatch-16" daemon [_thread_in_native, id=32259, stack(0x000070000eaf5000,0x000070000ebf5000)]
  0x00007fdd40884600 JavaThread "HTTP-listener-64120-1" [_thread_in_native, id=85251, stack(0x000070000f81c000,0x000070000f91c000)]
  0x00007fdd6801a000 JavaThread "SonarLint Telemetry" [_thread_blocked, id=47619, stack(0x000070000f91f000,0x000070000fa1f000)]
  0x00007fdd68878a00 JavaThread "SonarLint settings manager" [_thread_blocked, id=47875, stack(0x000070000fa22000,0x000070000fb22000)]
  0x00007fdd6717d800 JavaThread "SonarLint Language Server Analysis Scheduler" [_thread_blocked, id=25351, stack(0x000070000cc9b000,0x000070000cd9b000)]
  0x00007fdd4087d600 JavaThread "SonarLint Language Server Analysis Scheduler" [_thread_blocked, id=41223, stack(0x000070000d0a7000,0x000070000d1a7000)]
  0x00007fdd40888e00 JavaThread "process reaper" daemon [_thread_blocked, id=40711, stack(0x000070000d1aa000,0x000070000d1ce000)]
  0x00007fdd6801a600 JavaThread "C1 CompilerThread1" daemon [_thread_blocked, id=38155, stack(0x000070000d3b0000,0x000070000d4b0000)]
  0x00007fdd681c0400 JavaThread "C2 CompilerThread1" daemon [_thread_in_native, id=22279, stack(0x000070000fb25000,0x000070000fc25000)]
  0x00007fdd4087be00 JavaThread "C2 CompilerThread2" daemon [_thread_in_native, id=38423, stack(0x000070000fc28000,0x000070000fd28000)]
  0x00007fdd6886f200 JavaThread "C1 CompilerThread2" daemon [_thread_blocked, id=84483, stack(0x000070000fd2b000,0x000070000fe2b000)]
  0x00007fdcf701c000 JavaThread "C1 CompilerThread3" daemon [_thread_blocked, id=48899, stack(0x000070000fe2e000,0x000070000ff2e000)]
  0x00007fdd681c1200 JavaThread "C2 CompilerThread3" daemon [_thread_in_native, id=83971, stack(0x000070000ff31000,0x0000700010031000)]
  0x00007fdd6988ae00 JavaThread "C2 CompilerThread4" daemon [_thread_in_native, id=83715, stack(0x0000700010034000,0x0000700010134000)]
  0x00007fdd470a8e00 JavaThread "C2 CompilerThread5" daemon [_thread_in_native, id=49923, stack(0x0000700010137000,0x0000700010237000)]
  0x00007fdd378ff800 JavaThread "HttpClient-1-SelectorManager" daemon [_thread_in_native, id=50179, stack(0x000070001023a000,0x000070001033a000)]
=>0x00007fdd698d1600 JavaThread "sonarlint-analysis-engine" [_thread_in_Java, id=50691, stack(0x000070001033d000,0x000070001043d000)]
  0x00007fdd30012400 JavaThread "C2 CompilerThread6" daemon [_thread_in_native, id=82951, stack(0x0000700010440000,0x0000700010540000)]

Other Threads:
  0x00007fdd56f0f290 VMThread "VM Thread" [stack: 0x000070000c27a000,0x000070000c37a000] [id=15363]
  0x00007fdd67f19570 WatcherThread [stack: 0x000070000cea1000,0x000070000cfa1000] [id=26371]
  0x00007fdd40015090 GCTaskThread "GC Thread#0" [stack: 0x000070000bd6b000,0x000070000be6b000] [id=12547]
  0x00007fdd36f4a030 GCTaskThread "GC Thread#1" [stack: 0x000070000ebf8000,0x000070000ecf8000] [id=32771]
  0x00007fdd67f76a40 GCTaskThread "GC Thread#2" [stack: 0x000070000ecfb000,0x000070000edfb000] [id=33027]
  0x00007fdd67c3b7e0 GCTaskThread "GC Thread#3" [stack: 0x000070000edfe000,0x000070000eefe000] [id=43779]
  0x00007fdd67c3bfb0 GCTaskThread "GC Thread#4" [stack: 0x000070000ef01000,0x000070000f001000] [id=44035]
  0x00007fdd67f77320 GCTaskThread "GC Thread#5" [stack: 0x000070000f004000,0x000070000f104000] [id=44547]
  0x00007fdd67f77c10 GCTaskThread "GC Thread#6" [stack: 0x000070000f107000,0x000070000f207000] [id=45059]
  0x00007fdd67f784d0 GCTaskThread "GC Thread#7" [stack: 0x000070000f20a000,0x000070000f30a000] [id=45571]
  0x00007fdd67f78de0 GCTaskThread "GC Thread#8" [stack: 0x000070000f30d000,0x000070000f40d000] [id=45827]
  0x00007fdd67f796a0 GCTaskThread "GC Thread#9" [stack: 0x000070000f410000,0x000070000f510000] [id=86531]
  0x00007fdd36f4a940 GCTaskThread "GC Thread#10" [stack: 0x000070000f513000,0x000070000f613000] [id=46595]
  0x00007fdd67c3c910 GCTaskThread "GC Thread#11" [stack: 0x000070000f616000,0x000070000f716000] [id=86275]
  0x00007fdd67f7a3f0 GCTaskThread "GC Thread#12" [stack: 0x000070000f719000,0x000070000f819000] [id=86019]
  0x00007fdd66f053f0 ConcurrentGCThread "G1 Main Marker" [stack: 0x000070000be6e000,0x000070000bf6e000] [id=19971]
  0x00007fdd56f07e40 ConcurrentGCThread "G1 Conc#0" [stack: 0x000070000bf71000,0x000070000c071000] [id=13827]
  0x00007fdd66fa4d10 ConcurrentGCThread "G1 Conc#1" [stack: 0x000070000d7bc000,0x000070000d8bc000] [id=48391]
  0x00007fdd400637f0 ConcurrentGCThread "G1 Conc#2" [stack: 0x000070000d8bf000,0x000070000d9bf000] [id=27155]
  0x00007fdd66f21200 ConcurrentGCThread "G1 Refine#0" [stack: 0x000070000c074000,0x000070000c174000] [id=14339]
  0x00007fdd66f21f10 ConcurrentGCThread "G1 Service" [stack: 0x000070000c177000,0x000070000c277000] [id=14851]

Threads with active compile tasks:
C2 CompilerThread0     6965 3708   !   4       java.lang.reflect.Executable::declaredAnnotations (85 bytes)
C2 CompilerThread1     6965 3919   !   4       sun.reflect.annotation.AnnotationParser::parseAnnotations (37 bytes)
C2 CompilerThread2     6966 4048       4       org.sonarsource.sonarlint.shaded.org.springframework.beans.factory.support.AbstractBeanFactory::isTypeMatch (615 bytes)
C2 CompilerThread3     6966 4112       4       org.sonarsource.sonarlint.shaded.org.springframework.beans.factory.support.AbstractAutowireCapableBeanFactory::predictBeanType (128 bytes)
C2 CompilerThread4     6966 4052       4       org.sonarsource.sonarlint.shaded.org.springframework.beans.factory.support.AbstractBeanFactory::isFactoryBean (62 bytes)
C2 CompilerThread5     6966 4002       4       org.sonarsource.sonarlint.shaded.org.springframework.beans.factory.support.AbstractBeanFactory::getBeanPostProcessorCache (140 bytes)
C2 CompilerThread6     6966 4177       4       jdk.internal.loader.BuiltinClassLoader::loadClass (22 bytes)

VM state: not at safepoint (normal execution)

VM Mutex/Monitor currently owned by a thread: None

Heap address: 0x0000000400000000, size: 16384 MB, Compressed Oops mode: Zero based, Oop shift amount: 3

CDS archive(s) not mapped
Compressed class space mapped at: 0x0000000800000000-0x0000000840000000, reserved size: 1073741824
Narrow klass base: 0x0000000800000000, Narrow klass shift: 0, Narrow klass range: 0x40000000

GC Precious Log:
 CPUs: 16 total, 16 available
 Memory: 65536M
 Large Page Support: Disabled
 NUMA Support: Disabled
 Compressed Oops: Enabled (Zero based)
 Heap Region Size: 8M
 Heap Min Capacity: 8M
 Heap Initial Capacity: 1G
 Heap Max Capacity: 16G
 Pre-touch: Disabled
 Parallel Workers: 13
 Concurrent Workers: 3
 Concurrent Refinement Workers: 13
 Periodic GC: Disabled

Heap:
 garbage-first heap   total 163840K, used 69675K [0x0000000400000000, 0x0000000800000000)
  region size 8192K, 8 young (65536K), 2 survivors (16384K)
 Metaspace       used 39629K, committed 40064K, reserved 1089536K
  class space    used 5237K, committed 5440K, reserved 1048576K

Heap Regions: E=young(eden), S=young(survivor), O=old, HS=humongous(starts), HC=humongous(continues), CS=collection set, F=free, OA=open archive, CA=closed archive, TAMS=top-at-mark-start (previous, next)
|   0|0x0000000400000000, 0x0000000400741400, 0x0000000400800000| 90%| O|  |TAMS 0x0000000400741400, 0x0000000400000000| Untracked 
|   1|0x0000000400800000, 0x0000000401000000, 0x0000000401000000|100%| O|  |TAMS 0x0000000401000000, 0x0000000400800000| Untracked 
|   2|0x0000000401000000, 0x00000004013f7000, 0x0000000401800000| 49%| O|  |TAMS 0x00000004013f7000, 0x0000000401000000| Complete 
|   3|0x0000000401800000, 0x0000000401800000, 0x0000000402000000|  0%| F|  |TAMS 0x0000000401800000, 0x0000000401800000| Untracked 
|   4|0x0000000402000000, 0x0000000402000000, 0x0000000402800000|  0%| F|  |TAMS 0x0000000402000000, 0x0000000402000000| Untracked 
|   5|0x0000000402800000, 0x0000000402800000, 0x0000000403000000|  0%| F|  |TAMS 0x0000000402800000, 0x0000000402800000| Untracked 
|   6|0x0000000403000000, 0x0000000403000000, 0x0000000403800000|  0%| F|  |TAMS 0x0000000403000000, 0x0000000403000000| Untracked 
|   7|0x0000000403800000, 0x0000000403800000, 0x0000000404000000|  0%| F|  |TAMS 0x0000000403800000, 0x0000000403800000| Untracked 
|   8|0x0000000404000000, 0x0000000404000000, 0x0000000404800000|  0%| F|  |TAMS 0x0000000404000000, 0x0000000404000000| Untracked 
|   9|0x0000000404800000, 0x0000000404800000, 0x0000000405000000|  0%| F|  |TAMS 0x0000000404800000, 0x0000000404800000| Untracked 
|  10|0x0000000405000000, 0x0000000405000000, 0x0000000405800000|  0%| F|  |TAMS 0x0000000405000000, 0x0000000405000000| Untracked 
|  11|0x0000000405800000, 0x0000000405800000, 0x0000000406000000|  0%| F|  |TAMS 0x0000000405800000, 0x0000000405800000| Untracked 
|  12|0x0000000406000000, 0x000000040642a9b0, 0x0000000406800000| 52%| E|  |TAMS 0x0000000406000000, 0x0000000406000000| Complete 
|  13|0x0000000406800000, 0x0000000407000000, 0x0000000407000000|100%| E|CS|TAMS 0x0000000406800000, 0x0000000406800000| Complete 
|  14|0x0000000407000000, 0x0000000407800000, 0x0000000407800000|100%| E|CS|TAMS 0x0000000407000000, 0x0000000407000000| Complete 
|  15|0x0000000407800000, 0x0000000408000000, 0x0000000408000000|100%| E|CS|TAMS 0x0000000407800000, 0x0000000407800000| Complete 
|  16|0x0000000408000000, 0x0000000408800000, 0x0000000408800000|100%| E|CS|TAMS 0x0000000408000000, 0x0000000408000000| Complete 
|  61|0x000000041e800000, 0x000000041e8d2ad8, 0x000000041f000000| 10%| S|CS|TAMS 0x000000041e800000, 0x000000041e800000| Complete 
|  62|0x000000041f000000, 0x000000041f800000, 0x000000041f800000|100%| S|CS|TAMS 0x000000041f000000, 0x000000041f000000| Complete 
| 127|0x000000043f800000, 0x0000000440000000, 0x0000000440000000|100%| E|CS|TAMS 0x000000043f800000, 0x000000043f800000| Complete 

Card table byte_map: [0x0000000122800000,0x0000000124800000] _byte_map_base: 0x0000000120800000

Marking Bits (Prev, Next): (CMBitMap*) 0x00007fdd67008c10, (CMBitMap*) 0x00007fdd67008c50
 Prev Bits: [0x0000000126800000, 0x0000000136800000)
 Next Bits: [0x0000000136800000, 0x0000000146800000)

Polling page: 0x0000000102ab4000

Metaspace:

Usage:
  Non-class:     33.59 MB used.
      Class:      5.11 MB used.
       Both:     38.70 MB used.

Virtual space:
  Non-class space:       40.00 MB reserved,      33.81 MB ( 85%) committed,  5 nodes.
      Class space:        1.00 GB reserved,       5.31 MB ( <1%) committed,  1 nodes.
             Both:        1.04 GB reserved,      39.12 MB (  4%) committed. 

Chunk freelists:
   Non-Class:  1.55 MB
       Class:  2.70 MB
        Both:  4.25 MB

MaxMetaspaceSize: unlimited
CompressedClassSpaceSize: 1.00 GB
Initial GC threshold: 21.00 MB
Current GC threshold: 59.06 MB
CDS: off
MetaspaceReclaimPolicy: balanced
 - commit_granule_bytes: 65536.
 - commit_granule_words: 8192.
 - virtual_space_node_default_size: 1048576.
 - enlarge_chunks_in_place: 1.
 - new_chunks_are_fully_committed: 0.
 - uncommit_free_chunks: 1.
 - use_allocation_guard: 0.
 - handle_deallocations: 1.


Internal statistics:

num_allocs_failed_limit: 6.
num_arena_births: 296.
num_arena_deaths: 0.
num_vsnodes_births: 6.
num_vsnodes_deaths: 0.
num_space_committed: 626.
num_space_uncommitted: 0.
num_chunks_returned_to_freelist: 6.
num_chunks_taken_from_freelist: 1396.
num_chunk_merges: 6.
num_chunk_splits: 986.
num_chunks_enlarged: 756.
num_purges: 0.
num_inconsistent_stats: 0.

CodeHeap 'non-profiled nmethods': size=119168Kb used=2700Kb max_used=2700Kb free=116468Kb
 bounds [0x00000001193a0000, 0x0000000119650000, 0x0000000120800000]
CodeHeap 'profiled nmethods': size=119164Kb used=9159Kb max_used=9159Kb free=110005Kb
 bounds [0x0000000111f41000, 0x0000000112841000, 0x00000001193a0000]
CodeHeap 'non-nmethods': size=7428Kb used=2921Kb max_used=3020Kb free=4506Kb
 bounds [0x0000000111800000, 0x0000000111b00000, 0x0000000111f41000]
 total_blobs=4726 nmethods=4184 adapters=452
 compilation: enabled
              stopped_count=0, restarted_count=0
 full_count=0

Compilation events (20 events):
Event: 6.935 Thread 0x00007fdd68008c00 4185       3       java.lang.invoke.LambdaForm::identityForm (27 bytes)
Event: 6.935 Thread 0x00007fdd6801a600 4186       3       java.lang.invoke.MethodHandleImpl::makeIntrinsic (14 bytes)
Event: 6.935 Thread 0x00007fdcf701c000 4187       3       java.lang.invoke.MethodHandleImpl$IntrinsicMethodHandle::<init> (8 bytes)
Event: 6.936 Thread 0x00007fdd68008c00 nmethod 4185 0x000000011282b710 code [0x000000011282b8c0, 0x000000011282baa0]
Event: 6.936 Thread 0x00007fdd68008c00 4188       3       java.lang.invoke.InnerClassLambdaMetafactory$1::<init> (15 bytes)
Event: 6.936 Thread 0x00007fdcf701c000 nmethod 4187 0x000000011282bb90 code [0x000000011282bd80, 0x000000011282c410]
Event: 6.936 Thread 0x00007fdd6801a600 nmethod 4186 0x000000011282c610 code [0x000000011282c800, 0x000000011282cef0]
Event: 6.936 Thread 0x00007fdcf701c000 4189       3       java.lang.invoke.InnerClassLambdaMetafactory$1::run (5 bytes)
Event: 6.936 Thread 0x00007fdd68008c00 nmethod 4188 0x000000011282d110 code [0x000000011282d2c0, 0x000000011282d4f0]
Event: 6.936 Thread 0x00007fdd68008c00 4190       3       java.lang.invoke.InnerClassLambdaMetafactory$1::run (23 bytes)
Event: 6.936 Thread 0x00007fdd6801a600 4191       3       java.lang.invoke.MethodHandles::constant (88 bytes)
Event: 6.936 Thread 0x00007fdd6886f200 nmethod 4184 0x000000011282d590 code [0x000000011282d800, 0x000000011282e1c0]
Event: 6.936 Thread 0x00007fdd6886f200 4192       3       java.lang.invoke.MethodHandle::bindTo (19 bytes)
Event: 6.936 Thread 0x00007fdcf701c000 nmethod 4189 0x000000011282e590 code [0x000000011282e7c0, 0x000000011282ee70]
Event: 6.936 Thread 0x00007fdcf701c000 4193       3       java.lang.invoke.MethodType::leadingReferenceParameter (31 bytes)
Event: 6.937 Thread 0x00007fdd68008c00 nmethod 4190 0x000000011282f110 code [0x000000011282f360, 0x000000011282fb80]
Event: 6.937 Thread 0x00007fdcf701c000 nmethod 4193 0x000000011282ff10 code [0x00000001128300e0, 0x00000001128303e0]
Event: 6.937 Thread 0x00007fdd6886f200 nmethod 4192 0x0000000112830510 code [0x0000000112830720, 0x0000000112830d70]
Event: 6.937 Thread 0x00007fdd6801a600 nmethod 4191 0x0000000112831010 code [0x0000000112831320, 0x0000000112832290]
Event: 6.938 Thread 0x00007fdd68008c00 4195       3       org.sonar.api.rule.RuleKey::hashCode (23 bytes)

GC Heap History (18 events):
Event: 0.676 GC heap before
{Heap before GC invocations=0 (full 0):
 garbage-first heap   total 1048576K, used 49152K [0x0000000400000000, 0x0000000800000000)
  region size 8192K, 6 young (49152K), 0 survivors (0K)
 Metaspace       used 16599K, committed 16704K, reserved 1064960K
  class space    used 1855K, committed 1920K, reserved 1048576K
}
Event: 0.680 GC heap after
{Heap after GC invocations=1 (full 0):
 garbage-first heap   total 1048576K, used 7597K [0x0000000400000000, 0x0000000800000000)
  region size 8192K, 1 young (8192K), 1 survivors (8192K)
 Metaspace       used 16599K, committed 16704K, reserved 1064960K
  class space    used 1855K, committed 1920K, reserved 1048576K
}
Event: 5.177 GC heap before
{Heap before GC invocations=1 (full 0):
 garbage-first heap   total 1048576K, used 23981K [0x0000000400000000, 0x0000000800000000)
  region size 8192K, 5 young (40960K), 1 survivors (8192K)
 Metaspace       used 21303K, committed 21504K, reserved 1073152K
  class space    used 2485K, committed 2560K, reserved 1048576K
}
Event: 5.183 GC heap after
{Heap after GC invocations=2 (full 0):
 garbage-first heap   total 1048576K, used 12235K [0x0000000400000000, 0x0000000800000000)
  region size 8192K, 1 young (8192K), 1 survivors (8192K)
 Metaspace       used 21303K, committed 21504K, reserved 1073152K
  class space    used 2485K, committed 2560K, reserved 1048576K
}
Event: 5.613 GC heap before
{Heap before GC invocations=3 (full 0):
 garbage-first heap   total 81920K, used 45003K [0x0000000400000000, 0x0000000800000000)
  region size 8192K, 6 young (49152K), 1 survivors (8192K)
 Metaspace       used 25658K, committed 26048K, reserved 1073152K
  class space    used 3145K, committed 3328K, reserved 1048576K
}
Event: 5.616 GC heap after
{Heap after GC invocations=4 (full 0):
 garbage-first heap   total 81920K, used 15308K [0x0000000400000000, 0x0000000800000000)
  region size 8192K, 1 young (8192K), 1 survivors (8192K)
 Metaspace       used 25658K, committed 26048K, reserved 1073152K
  class space    used 3145K, committed 3328K, reserved 1048576K
}
Event: 5.734 GC heap before
{Heap before GC invocations=4 (full 0):
 garbage-first heap   total 81920K, used 31692K [0x0000000400000000, 0x0000000800000000)
  region size 8192K, 4 young (32768K), 1 survivors (8192K)
 Metaspace       used 27371K, committed 27776K, reserved 1073152K
  class space    used 3324K, committed 3520K, reserved 1048576K
}
Event: 5.736 GC heap after
{Heap after GC invocations=5 (full 0):
 garbage-first heap   total 81920K, used 16675K [0x0000000400000000, 0x0000000800000000)
  region size 8192K, 1 young (8192K), 1 survivors (8192K)
 Metaspace       used 27371K, committed 27776K, reserved 1073152K
  class space    used 3324K, committed 3520K, reserved 1048576K
}
Event: 5.954 GC heap before
{Heap before GC invocations=5 (full 0):
 garbage-first heap   total 81920K, used 49443K [0x0000000400000000, 0x0000000800000000)
  region size 8192K, 5 young (40960K), 1 survivors (8192K)
 Metaspace       used 30053K, committed 30400K, reserved 1081344K
  class space    used 3966K, committed 4160K, reserved 1048576K
}
Event: 5.957 GC heap after
{Heap after GC invocations=6 (full 0):
 garbage-first heap   total 81920K, used 19841K [0x0000000400000000, 0x0000000800000000)
  region size 8192K, 1 young (8192K), 1 survivors (8192K)
 Metaspace       used 30053K, committed 30400K, reserved 1081344K
  class space    used 3966K, committed 4160K, reserved 1048576K
}
Event: 6.098 GC heap before
{Heap before GC invocations=6 (full 0):
 garbage-first heap   total 81920K, used 52609K [0x0000000400000000, 0x0000000800000000)
  region size 8192K, 5 young (40960K), 1 survivors (8192K)
 Metaspace       used 30610K, committed 30976K, reserved 1081344K
  class space    used 4043K, committed 4224K, reserved 1048576K
}
Event: 6.100 GC heap after
{Heap after GC invocations=7 (full 0):
 garbage-first heap   total 81920K, used 21809K [0x0000000400000000, 0x0000000800000000)
  region size 8192K, 1 young (8192K), 1 survivors (8192K)
 Metaspace       used 30610K, committed 30976K, reserved 1081344K
  class space    used 4043K, committed 4224K, reserved 1048576K
}
Event: 6.158 GC heap before
{Heap before GC invocations=7 (full 0):
 garbage-first heap   total 81920K, used 46385K [0x0000000400000000, 0x0000000800000000)
  region size 8192K, 4 young (32768K), 1 survivors (8192K)
 Metaspace       used 30620K, committed 30976K, reserved 1081344K
  class space    used 4043K, committed 4224K, reserved 1048576K
}
Event: 6.160 GC heap after
{Heap after GC invocations=8 (full 0):
 garbage-first heap   total 81920K, used 23519K [0x0000000400000000, 0x0000000800000000)
  region size 8192K, 1 young (8192K), 1 survivors (8192K)
 Metaspace       used 30620K, committed 30976K, reserved 1081344K
  class space    used 4043K, committed 4224K, reserved 1048576K
}
Event: 6.333 GC heap before
{Heap before GC invocations=8 (full 0):
 garbage-first heap   total 81920K, used 48095K [0x0000000400000000, 0x0000000800000000)
  region size 8192K, 4 young (32768K), 1 survivors (8192K)
 Metaspace       used 33060K, committed 33408K, reserved 1081344K
  class space    used 4372K, committed 4544K, reserved 1048576K
}
Event: 6.336 GC heap after
{Heap after GC invocations=9 (full 0):
 garbage-first heap   total 565248K, used 24478K [0x0000000400000000, 0x0000000800000000)
  region size 8192K, 1 young (8192K), 1 survivors (8192K)
 Metaspace       used 33060K, committed 33408K, reserved 1081344K
  class space    used 4372K, committed 4544K, reserved 1048576K
}
Event: 6.626 GC heap before
{Heap before GC invocations=9 (full 0):
 garbage-first heap   total 565248K, used 65438K [0x0000000400000000, 0x0000000800000000)
  region size 8192K, 7 young (57344K), 1 survivors (8192K)
 Metaspace       used 35785K, committed 36096K, reserved 1081344K
  class space    used 4682K, committed 4864K, reserved 1048576K
}
Event: 6.630 GC heap after
{Heap after GC invocations=10 (full 0):
 garbage-first heap   total 565248K, used 28715K [0x0000000400000000, 0x0000000800000000)
  region size 8192K, 2 young (16384K), 2 survivors (16384K)
 Metaspace       used 35785K, committed 36096K, reserved 1081344K
  class space    used 4682K, committed 4864K, reserved 1048576K
}

Dll operation events (7 events):
Event: 0.005 Loaded shared library /Users/minggaoxi/.vscode/extensions/sonarsource.sonarlint-vscode-3.12.0-darwin-x64/jre/17.0.5-macosx-x86_64.tar/lib/libjava.dylib
Event: 0.069 Loaded shared library /Users/minggaoxi/.vscode/extensions/sonarsource.sonarlint-vscode-3.12.0-darwin-x64/jre/17.0.5-macosx-x86_64.tar/lib/libnio.dylib
Event: 0.082 Loaded shared library /Users/minggaoxi/.vscode/extensions/sonarsource.sonarlint-vscode-3.12.0-darwin-x64/jre/17.0.5-macosx-x86_64.tar/lib/libzip.dylib
Event: 0.119 Loaded shared library /Users/minggaoxi/.vscode/extensions/sonarsource.sonarlint-vscode-3.12.0-darwin-x64/jre/17.0.5-macosx-x86_64.tar/lib/libnet.dylib
Event: 0.142 Loaded shared library /Users/minggaoxi/.vscode/extensions/sonarsource.sonarlint-vscode-3.12.0-darwin-x64/jre/17.0.5-macosx-x86_64.tar/lib/libextnet.dylib
Event: 0.258 Loaded shared library /Users/minggaoxi/.vscode/extensions/sonarsource.sonarlint-vscode-3.12.0-darwin-x64/jre/17.0.5-macosx-x86_64.tar/lib/libjimage.dylib
Event: 0.431 Loaded shared library /Users/minggaoxi/.vscode/extensions/sonarsource.sonarlint-vscode-3.12.0-darwin-x64/jre/17.0.5-macosx-x86_64.tar/lib/libverify.dylib

Deoptimization events (20 events):
Event: 6.839 Thread 0x00007fdd698d1600 Uncommon trap: trap_request=0xffffffde fr.pc=0x000000011945ecb0 relative=0x0000000000000850
Event: 6.839 Thread 0x00007fdd698d1600 Uncommon trap: reason=class_check action=maybe_recompile pc=0x000000011945ecb0 method=org.sonarsource.sonarlint.shaded.org.springframework.util.ObjectUtils.nullSafeEquals(Ljava/lang/Object;Ljava/lang/Object;)Z @ 19 c2
Event: 6.839 Thread 0x00007fdd698d1600 DEOPT PACKING pc=0x000000011945ecb0 sp=0x000070001043af30
Event: 6.839 Thread 0x00007fdd698d1600 DEOPT UNPACKING pc=0x0000000111852099 sp=0x000070001043ade8 mode 2
Event: 6.855 Thread 0x00007fdd698d1600 Uncommon trap: trap_request=0xffffffde fr.pc=0x000000011946032c relative=0x00000000000001ec
Event: 6.855 Thread 0x00007fdd698d1600 Uncommon trap: reason=class_check action=maybe_recompile pc=0x000000011946032c method=org.sonarsource.sonarlint.shaded.org.springframework.util.ObjectUtils.nullSafeEquals(Ljava/lang/Object;Ljava/lang/Object;)Z @ 19 c2
Event: 6.855 Thread 0x00007fdd698d1600 DEOPT PACKING pc=0x000000011946032c sp=0x0000700010439190
Event: 6.855 Thread 0x00007fdd698d1600 DEOPT UNPACKING pc=0x0000000111852099 sp=0x00007000104390c8 mode 2
Event: 6.866 Thread 0x00007fdd698d1600 Uncommon trap: trap_request=0xffffffde fr.pc=0x00000001195e48a4 relative=0x00000000000003a4
Event: 6.866 Thread 0x00007fdd698d1600 Uncommon trap: reason=class_check action=maybe_recompile pc=0x00000001195e48a4 method=java.util.stream.ReferencePipeline.forEachWithCancel(Ljava/util/Spliterator;Ljava/util/stream/Sink;)Z @ 1 c2
Event: 6.866 Thread 0x00007fdd698d1600 DEOPT PACKING pc=0x00000001195e48a4 sp=0x0000700010439ba0
Event: 6.866 Thread 0x00007fdd698d1600 DEOPT UNPACKING pc=0x0000000111852099 sp=0x0000700010439a38 mode 2
Event: 6.872 Thread 0x00007fdd698d1600 Uncommon trap: trap_request=0xffffffde fr.pc=0x00000001195e48a4 relative=0x00000000000003a4
Event: 6.872 Thread 0x00007fdd698d1600 Uncommon trap: reason=class_check action=maybe_recompile pc=0x00000001195e48a4 method=java.util.stream.ReferencePipeline.forEachWithCancel(Ljava/util/Spliterator;Ljava/util/stream/Sink;)Z @ 1 c2
Event: 6.872 Thread 0x00007fdd698d1600 DEOPT PACKING pc=0x00000001195e48a4 sp=0x0000700010439ba0
Event: 6.872 Thread 0x00007fdd698d1600 DEOPT UNPACKING pc=0x0000000111852099 sp=0x0000700010439a38 mode 2
Event: 6.904 Thread 0x00007fdd698d1600 Uncommon trap: trap_request=0xffffff45 fr.pc=0x00000001194d5d88 relative=0x00000000000002a8
Event: 6.904 Thread 0x00007fdd698d1600 Uncommon trap: reason=unstable_if action=reinterpret pc=0x00000001194d5d88 method=java.util.regex.Pattern.range(Ljava/util/regex/Pattern$BitClass;)Ljava/util/regex/Pattern$CharPredicate; @ 108 c2
Event: 6.904 Thread 0x00007fdd698d1600 DEOPT PACKING pc=0x00000001194d5d88 sp=0x0000700010439070
Event: 6.904 Thread 0x00007fdd698d1600 DEOPT UNPACKING pc=0x0000000111852099 sp=0x0000700010439020 mode 2

Classes unloaded (0 events):
No events

Classes redefined (0 events):
No events

Internal exceptions (20 events):
Event: 4.762 Thread 0x00007fdd6717d800 Exception <a 'java/lang/NoSuchMethodError'{0x000000043e8dfa68}: 'java.lang.Object java.lang.invoke.DirectMethodHandle$Holder.newInvokeSpecial(java.lang.Object, java.lang.Object, java.lang.Object, int)'> (0x000000043e8dfa68) 
thrown [src/hotspot/share/interpreter/linkResolver.cpp, line 759]
Event: 4.763 Thread 0x00007fdd6717d800 Exception <a 'java/lang/NoSuchMethodError'{0x000000043e8e3e48}: 'java.lang.Object java.lang.invoke.DirectMethodHandle$Holder.invokeSpecial(java.lang.Object, java.lang.Object, java.lang.Object, java.lang.Object, int)'> (0x000000043e8e3e48) 
thrown [src/hotspot/share/interpreter/linkResolver.cpp, line 759]
Event: 4.763 Thread 0x00007fdd6717d800 Exception <a 'java/lang/NoSuchMethodError'{0x000000043e8e7cd0}: 'java.lang.Object java.lang.invoke.Invokers$Holder.linkToTargetMethod(java.lang.Object, java.lang.Object, int, java.lang.Object)'> (0x000000043e8e7cd0) 
thrown [src/hotspot/share/interpreter/linkResolver.cpp, line 759]
Event: 5.104 Thread 0x00007fdd6717d800 Exception <a 'java/lang/NoSuchMethodError'{0x000000043ee19030}: 'int java.lang.invoke.DirectMethodHandle$Holder.invokeSpecialIFC(java.lang.Object, java.lang.Object, java.lang.Object)'> (0x000000043ee19030) 
thrown [src/hotspot/share/interpreter/linkResolver.cpp, line 759]
Event: 5.192 Thread 0x00007fdd6717d800 Exception <a 'java/lang/NoSuchMethodError'{0x000000043f8fe438}: 'int java.lang.invoke.DirectMethodHandle$Holder.invokeStaticInit(java.lang.Object, java.lang.Object, java.lang.Object)'> (0x000000043f8fe438) 
thrown [src/hotspot/share/interpreter/linkResolver.cpp, line 759]
Event: 5.261 Thread 0x00007fdd6717d800 Exception <a 'java/lang/NoSuchMethodError'{0x000000043fe8f610}: 'int java.lang.invoke.DirectMethodHandle$Holder.invokeSpecial(java.lang.Object, java.lang.Object, java.lang.Object, java.lang.Object)'> (0x000000043fe8f610) 
thrown [src/hotspot/share/interpreter/linkResolver.cpp, line 759]
Event: 5.319 Thread 0x00007fdd6717d800 Exception <a 'java/lang/NoSuchMethodError'{0x0000000403a62f58}: 'int java.lang.invoke.DirectMethodHandle$Holder.invokeInterface(java.lang.Object, java.lang.Object)'> (0x0000000403a62f58) 
thrown [src/hotspot/share/interpreter/linkResolver.cpp, line 759]
Event: 5.344 Thread 0x00007fdd6717d800 Exception <a 'java/lang/NoSuchMethodError'{0x0000000403b97cf0}: 'java.lang.Object java.lang.invoke.DirectMethodHandle$Holder.invokeSpecialIFC(java.lang.Object, java.lang.Object, java.lang.Object, java.lang.Object)'> (0x0000000403b97cf0) 
thrown [src/hotspot/share/interpreter/linkResolver.cpp, line 759]
Event: 6.569 Thread 0x00007fdd6717d800 Exception <a 'java/lang/NoSuchMethodError'{0x0000000420159ae8}: 'java.lang.Object java.lang.invoke.DirectMethodHandle$Holder.invokeInterface(java.lang.Object, java.lang.Object, java.lang.Object)'> (0x0000000420159ae8) 
thrown [src/hotspot/share/interpreter/linkResolver.cpp, line 759]
Event: 6.578 Thread 0x00007fdd6717d800 Exception <a 'java/lang/NoSuchMethodError'{0x000000042029aa18}: 'void java.lang.invoke.DirectMethodHandle$Holder.invokeInterface(java.lang.Object, java.lang.Object)'> (0x000000042029aa18) 
thrown [src/hotspot/share/interpreter/linkResolver.cpp, line 759]
Event: 6.580 Thread 0x00007fdd6717d800 Implicit null exception at 0x000000011957d1d2 to 0x000000011957da08
Event: 6.600 Thread 0x00007fdd6717d800 Exception <a 'java/lang/NoSuchMethodError'{0x0000000420516010}: 'void java.lang.invoke.DirectMethodHandle$Holder.invokeStaticInit(java.lang.Object)'> (0x0000000420516010) 
thrown [src/hotspot/share/interpreter/linkResolver.cpp, line 759]
Event: 6.639 Thread 0x00007fdd6717d800 Exception <a 'sun/nio/fs/UnixException'{0x000000043f840b48}> (0x000000043f840b48) 
thrown [src/hotspot/share/prims/jni.cpp, line 516]
Event: 6.680 Thread 0x00007fdd6717d800 Implicit null exception at 0x0000000119536eca to 0x00000001195377f8
Event: 6.695 Thread 0x00007fdd6717d800 Exception <a 'java/lang/NoSuchMethodError'{0x0000000407b642a8}: 'java.lang.Object java.lang.invoke.DirectMethodHandle$Holder.invokeStatic(java.lang.Object, java.lang.Object, int)'> (0x0000000407b642a8) 
thrown [src/hotspot/share/interpreter/linkResolver.cpp, line 759]
Event: 6.695 Thread 0x00007fdd6717d800 Exception <a 'java/lang/NoSuchMethodError'{0x0000000407b67e40}: 'java.lang.Object java.lang.invoke.DirectMethodHandle$Holder.invokeStaticInit(java.lang.Object, java.lang.Object, int)'> (0x0000000407b67e40) 
thrown [src/hotspot/share/interpreter/linkResolver.cpp, line 759]
Event: 6.829 Thread 0x00007fdd698d1600 Implicit null exception at 0x0000000119465274 to 0x0000000119465a04
Event: 6.849 Thread 0x00007fdd698d1600 Exception <a 'java/lang/NoSuchMethodError'{0x0000000406ce4578}: 'java.lang.Object java.lang.invoke.DirectMethodHandle$Holder.invokeStatic(java.lang.Object, int, java.lang.Object)'> (0x0000000406ce4578) 
thrown [src/hotspot/share/interpreter/linkResolver.cpp, line 759]
Event: 6.849 Thread 0x00007fdd698d1600 Exception <a 'java/lang/NoSuchMethodError'{0x0000000406ceb7a0}: 'java.lang.Object java.lang.invoke.DirectMethodHandle$Holder.newInvokeSpecial(java.lang.Object, int, java.lang.Object)'> (0x0000000406ceb7a0) 
thrown [src/hotspot/share/interpreter/linkResolver.cpp, line 759]
Event: 6.851 Thread 0x00007fdd3001e600 Exception <a 'java/lang/InterruptedException'{0x0000000406d37f40}: sleep interrupted> (0x0000000406d37f40) 
thrown [src/hotspot/share/prims/jvm.cpp, line 3070]

VM Operations (20 events):
Event: 6.157 Executing VM operation: G1CollectForAllocation
Event: 6.160 Executing VM operation: G1CollectForAllocation done
Event: 6.333 Executing VM operation: G1CollectForAllocation
Event: 6.336 Executing VM operation: G1CollectForAllocation done
Event: 6.616 Executing VM operation: HandshakeAllThreads
Event: 6.616 Executing VM operation: HandshakeAllThreads done
Event: 6.620 Executing VM operation: HandshakeAllThreads
Event: 6.620 Executing VM operation: HandshakeAllThreads done
Event: 6.621 Executing VM operation: HandshakeAllThreads
Event: 6.621 Executing VM operation: HandshakeAllThreads done
Event: 6.626 Executing VM operation: CollectForMetadataAllocation
Event: 6.630 Executing VM operation: CollectForMetadataAllocation done
Event: 6.631 Executing VM operation: HandshakeAllThreads
Event: 6.631 Executing VM operation: HandshakeAllThreads done
Event: 6.646 Executing VM operation: G1Concurrent
Event: 6.648 Executing VM operation: G1Concurrent done
Event: 6.653 Executing VM operation: G1Concurrent
Event: 6.653 Executing VM operation: G1Concurrent done
Event: 6.832 Executing VM operation: HandshakeAllThreads
Event: 6.832 Executing VM operation: HandshakeAllThreads done

Events (20 events):
Event: 6.806 loading class java/util/zip/DeflaterOutputStream done
Event: 6.806 loading class java/util/zip/ZipOutputStream done
Event: 6.834 loading class java/util/stream/Nodes$SpinedNodeBuilder
Event: 6.834 loading class java/util/stream/SpinedBuffer
Event: 6.834 loading class java/util/stream/AbstractSpinedBuffer
Event: 6.834 loading class java/util/stream/AbstractSpinedBuffer done
Event: 6.834 loading class java/util/stream/SpinedBuffer done
Event: 6.834 loading class java/util/stream/Nodes$SpinedNodeBuilder done
Event: 6.844 loading class java/util/ImmutableCollections$Access
Event: 6.844 loading class java/util/ImmutableCollections$Access done
Event: 6.844 loading class java/util/ImmutableCollections$Access$1
Event: 6.844 loading class jdk/internal/access/JavaUtilCollectionAccess
Event: 6.844 loading class jdk/internal/access/JavaUtilCollectionAccess done
Event: 6.844 loading class java/util/ImmutableCollections$Access$1 done
Event: 6.846 Thread 0x00007fdd3001e600 Thread added: 0x00007fdd3001e600
Event: 6.846 Protecting memory [0x0000700010440000,0x0000700010444000] with protection modes 0
Event: 6.851 Protecting memory [0x0000700010440000,0x0000700010444000] with protection modes 3
Event: 6.852 Thread 0x00007fdd3001e600 Thread exited: 0x00007fdd3001e600
Event: 6.908 Thread 0x00007fdd30012400 Thread added: 0x00007fdd30012400
Event: 6.908 Protecting memory [0x0000700010440000,0x0000700010444000] with protection modes 0


Dynamic libraries:
0x0000000102a83000 	/Users/minggaoxi/.vscode/extensions/sonarsource.sonarlint-vscode-3.12.0-darwin-x64/jre/17.0.5-macosx-x86_64.tar/lib/libjli.dylib
0x00007ff8169b9000 	/usr/lib/libz.1.dylib
0x00007ff816a99000 	/usr/lib/libSystem.B.dylib
0x00007ff816a94000 	/usr/lib/system/libcache.dylib
0x00007ff816a50000 	/usr/lib/system/libcommonCrypto.dylib
0x00007ff816a79000 	/usr/lib/system/libcompiler_rt.dylib
0x00007ff816a6f000 	/usr/lib/system/libcopyfile.dylib
0x00007ff80ba27000 	/usr/lib/system/libcorecrypto.dylib
0x00007ff80bae5000 	/usr/lib/system/libdispatch.dylib
0x00007ff80bca5000 	/usr/lib/system/libdyld.dylib
0x00007ff816a8b000 	/usr/lib/system/libkeymgr.dylib
0x00007ff816a2e000 	/usr/lib/system/libmacho.dylib
0x00007ff8160af000 	/usr/lib/system/libquarantine.dylib
0x00007ff816a89000 	/usr/lib/system/libremovefile.dylib
0x00007ff810c3a000 	/usr/lib/system/libsystem_asl.dylib
0x00007ff80b9d0000 	/usr/lib/system/libsystem_blocks.dylib
0x00007ff80bb69000 	/usr/lib/system/libsystem_c.dylib
0x00007ff816a81000 	/usr/lib/system/libsystem_collections.dylib
0x00007ff815363000 	/usr/lib/system/libsystem_configuration.dylib
0x00007ff81460c000 	/usr/lib/system/libsystem_containermanager.dylib
0x00007ff816766000 	/usr/lib/system/libsystem_coreservices.dylib
0x00007ff80e2db000 	/usr/lib/system/libsystem_darwin.dylib
0x00007ff816a8c000 	/usr/lib/system/libsystem_dnssd.dylib
0x00007ff80bb66000 	/usr/lib/system/libsystem_featureflags.dylib
0x00007ff80bcbb000 	/usr/lib/system/libsystem_info.dylib
0x00007ff8169cc000 	/usr/lib/system/libsystem_m.dylib
0x00007ff80bab9000 	/usr/lib/system/libsystem_malloc.dylib
0x00007ff810bd5000 	/usr/lib/system/libsystem_networkextension.dylib
0x00007ff80e701000 	/usr/lib/system/libsystem_notify.dylib
0x00007ff81cd09000 	/usr/lib/system/libsystem_product_info_filter.dylib
0x00007ff815367000 	/usr/lib/system/libsystem_sandbox.dylib
0x00007ff816a86000 	/usr/lib/system/libsystem_secinit.dylib
0x00007ff80bc61000 	/usr/lib/system/libsystem_kernel.dylib
0x00007ff80bcb1000 	/usr/lib/system/libsystem_platform.dylib
0x00007ff80bc99000 	/usr/lib/system/libsystem_pthread.dylib
0x00007ff812488000 	/usr/lib/system/libsystem_symptoms.dylib
0x00007ff80ba0e000 	/usr/lib/system/libsystem_trace.dylib
0x00007ff816a5c000 	/usr/lib/system/libunwind.dylib
0x00007ff80b9d2000 	/usr/lib/system/libxpc.dylib
0x00007ff80bc4b000 	/usr/lib/libc++abi.dylib
0x00007ff80bb2c000 	/usr/lib/libobjc.A.dylib
0x00007ff816a67000 	/usr/lib/liboah.dylib
0x00007ff80bbf2000 	/usr/lib/libc++.1.dylib
0x00007ff822b0b000 	/System/Library/Frameworks/Cocoa.framework/Versions/A/Cocoa
0x00007ff80e75f000 	/System/Library/Frameworks/AppKit.framework/Versions/C/AppKit
0x00007ff811c76000 	/System/Library/Frameworks/CoreData.framework/Versions/A/CoreData
0x00007ff80cb62000 	/System/Library/Frameworks/Foundation.framework/Versions/C/Foundation
0x00007ff80f5ef000 	/System/Library/PrivateFrameworks/UIFoundation.framework/Versions/A/UIFoundation
0x00007ff81ca0c000 	/System/Library/PrivateFrameworks/RemoteViewServices.framework/Versions/A/RemoteViewServices
0x00007ff814ced000 	/System/Library/PrivateFrameworks/XCTTargetBootstrap.framework/Versions/A/XCTTargetBootstrap
0x00007ff8188a2000 	/System/Library/PrivateFrameworks/InternationalSupport.framework/Versions/A/InternationalSupport
0x00007ff81892c000 	/System/Library/PrivateFrameworks/UserActivity.framework/Versions/A/UserActivity
0x00007ff817c80000 	/usr/lib/libspindump.dylib
0x00007ff80f87e000 	/System/Library/Frameworks/UniformTypeIdentifiers.framework/Versions/A/UniformTypeIdentifiers
0x00007ff813411000 	/usr/lib/libapp_launch_measurement.dylib
0x00007ff812648000 	/System/Library/PrivateFrameworks/CoreAnalytics.framework/Versions/A/CoreAnalytics
0x00007ff813414000 	/System/Library/PrivateFrameworks/CoreAutoLayout.framework/Versions/A/CoreAutoLayout
0x00007ff814644000 	/System/Library/Frameworks/Metal.framework/Versions/A/Metal
0x00007ff815373000 	/usr/lib/liblangid.dylib
0x00007ff814cf2000 	/System/Library/PrivateFrameworks/CoreSVG.framework/Versions/A/CoreSVG
0x00007ff810c6a000 	/System/Library/PrivateFrameworks/SkyLight.framework/Versions/A/SkyLight
0x00007ff811009000 	/System/Library/Frameworks/CoreGraphics.framework/Versions/A/CoreGraphics
0x00007ff81d0cc000 	/System/Library/Frameworks/Accelerate.framework/Versions/A/Accelerate
0x00007ff8176ff000 	/System/Library/PrivateFrameworks/IconServices.framework/Versions/A/IconServices
0x00007ff814629000 	/System/Library/Frameworks/IOSurface.framework/Versions/A/IOSurface
0x00007ff812676000 	/usr/lib/libDiagnosticMessagesClient.dylib
0x00007ff8207af000 	/System/Library/Frameworks/ApplicationServices.framework/Versions/A/ApplicationServices
0x00007ff814cd9000 	/System/Library/PrivateFrameworks/DFRFoundation.framework/Versions/A/DFRFoundation
0x00007ff80e047000 	/usr/lib/libicucore.A.dylib
0x00007ff819698000 	/System/Library/Frameworks/AudioToolbox.framework/Versions/A/AudioToolbox
0x00007ff8188ae000 	/System/Library/PrivateFrameworks/DataDetectorsCore.framework/Versions/A/DataDetectorsCore
0x00007ff914da9000 	/System/Library/PrivateFrameworks/TextInput.framework/Versions/A/TextInput
0x00007ff810bed000 	/usr/lib/libMobileGestalt.dylib
0x00007ff8149e5000 	/System/Library/Frameworks/Carbon.framework/Versions/A/Frameworks/HIToolbox.framework/Versions/A/HIToolbox
0x00007ff812e13000 	/System/Library/Frameworks/QuartzCore.framework/Versions/A/QuartzCore
0x00007ff80dcec000 	/System/Library/Frameworks/Security.framework/Versions/A/Security
0x00007ff81ca44000 	/System/Library/Frameworks/Carbon.framework/Versions/A/Frameworks/SpeechRecognition.framework/Versions/A/SpeechRecognition
0x00007ff813171000 	/System/Library/PrivateFrameworks/CoreUI.framework/Versions/A/CoreUI
0x00007ff80d5b6000 	/System/Library/Frameworks/CoreAudio.framework/Versions/A/CoreAudio
0x00007ff812765000 	/System/Library/Frameworks/DiskArbitration.framework/Versions/A/DiskArbitration
0x00007ff81806e000 	/System/Library/PrivateFrameworks/MultitouchSupport.framework/Versions/A/MultitouchSupport
0x00007ff810bec000 	/usr/lib/libenergytrace.dylib
0x00007ff80e64b000 	/System/Library/Frameworks/IOKit.framework/Versions/A/IOKit
0x00007ff81ce34000 	/System/Library/Frameworks/CoreServices.framework/Versions/A/CoreServices
0x00007ff8133ab000 	/System/Library/PrivateFrameworks/PerformanceAnalysis.framework/Versions/A/PerformanceAnalysis
0x00007ffa24a8b000 	/System/Library/Frameworks/OpenGL.framework/Versions/A/OpenGL
0x00007ff815fd5000 	/System/Library/PrivateFrameworks/MobileKeyBag.framework/Versions/A/MobileKeyBag
0x00007ff8116d5000 	/System/Library/Frameworks/ColorSync.framework/Versions/A/ColorSync
0x00007ff80bce6000 	/System/Library/Frameworks/CoreFoundation.framework/Versions/A/CoreFoundation
0x00007ff814f69000 	/System/Library/Frameworks/CoreImage.framework/Versions/A/CoreImage
0x00007ff80d3ca000 	/System/Library/Frameworks/CoreText.framework/Versions/A/CoreText
0x00007ff814d22000 	/System/Library/Frameworks/ImageIO.framework/Versions/A/ImageIO
0x00007ff816a9f000 	/System/Library/PrivateFrameworks/SoftLinking.framework/Versions/A/SoftLinking
0x00007ff81345c000 	/usr/lib/libxml2.2.dylib
0x00007ff816d23000 	/usr/lib/libcompression.dylib
0x00007ff8187d5000 	/System/Library/PrivateFrameworks/TextureIO.framework/Versions/A/TextureIO
0x00007ff817411000 	/usr/lib/libate.dylib
0x00007ff8171ed000 	/usr/lib/liblzma.5.dylib
0x00007ff80c874000 	/System/Library/Frameworks/SystemConfiguration.framework/Versions/A/SystemConfiguration
0x00007ff816a9b000 	/usr/lib/libfakelink.dylib
0x00007ff810745000 	/System/Library/Frameworks/CFNetwork.framework/Versions/A/CFNetwork
0x00007ff816bdc000 	/usr/lib/libarchive.2.dylib
0x00007ff81536f000 	/System/Library/PrivateFrameworks/AppleSystemInfo.framework/Versions/A/AppleSystemInfo
0x00007ff8160d6000 	/usr/lib/libbsm.0.dylib
0x00007ff80fd54000 	/usr/lib/libnetwork.dylib
0x00007ff816a34000 	/usr/lib/system/libkxld.dylib
0x00007ff815d09000 	/System/Library/PrivateFrameworks/IOMobileFramebuffer.framework/Versions/A/IOMobileFramebuffer
0x00007ffb2445a000 	/usr/lib/libCoreEntitlements.dylib
0x00007ff816748000 	/System/Library/PrivateFrameworks/AppleFSCompression.framework/Versions/A/AppleFSCompression
0x00007ff8160be000 	/usr/lib/libcoretls.dylib
0x00007ff817207000 	/usr/lib/libcoretls_cfhelpers.dylib
0x00007ff816d1e000 	/usr/lib/libpam.2.dylib
0x00007ff8120a7000 	/usr/lib/libsqlite3.dylib
0x00007ff817276000 	/usr/lib/libxar.1.dylib
0x00007ff816758000 	/usr/lib/libbz2.1.0.dylib
0x00007ff816aa0000 	/usr/lib/libpcap.A.dylib
0x00007ff812480000 	/usr/lib/libdns_services.dylib
0x00007ff816cee000 	/usr/lib/libapple_nghttp2.dylib
0x00007ff816ada000 	/usr/lib/libiconv.2.dylib
0x00007ff816a2d000 	/usr/lib/libcharset.1.dylib
0x00007ff8133df000 	/System/Library/Frameworks/CoreServices.framework/Versions/A/Frameworks/FSEvents.framework/Versions/A/FSEvents
0x00007ff80e2e5000 	/System/Library/Frameworks/CoreServices.framework/Versions/A/Frameworks/CarbonCore.framework/Versions/A/CarbonCore
0x00007ff8126c9000 	/System/Library/Frameworks/CoreServices.framework/Versions/A/Frameworks/Metadata.framework/Versions/A/Metadata
0x00007ff81676b000 	/System/Library/Frameworks/CoreServices.framework/Versions/A/Frameworks/OSServices.framework/Versions/A/OSServices
0x00007ff816c63000 	/System/Library/Frameworks/CoreServices.framework/Versions/A/Frameworks/SearchKit.framework/Versions/A/SearchKit
0x00007ff812412000 	/System/Library/Frameworks/CoreServices.framework/Versions/A/Frameworks/AE.framework/Versions/A/AE
0x00007ff80c1e9000 	/System/Library/Frameworks/CoreServices.framework/Versions/A/Frameworks/LaunchServices.framework/Versions/A/LaunchServices
0x00007ff81719e000 	/System/Library/Frameworks/CoreServices.framework/Versions/A/Frameworks/DictionaryServices.framework/Versions/A/DictionaryServices
0x00007ff8133ec000 	/System/Library/Frameworks/CoreServices.framework/Versions/A/Frameworks/SharedFileList.framework/Versions/A/SharedFileList
0x00007ff8160b2000 	/usr/lib/libCheckFix.dylib
0x00007ff810c51000 	/System/Library/PrivateFrameworks/TCC.framework/Versions/A/TCC
0x00007ff815375000 	/System/Library/PrivateFrameworks/CoreNLP.framework/Versions/A/CoreNLP
0x00007ff812679000 	/System/Library/PrivateFrameworks/MetadataUtilities.framework/Versions/A/MetadataUtilities
0x00007ff80c925000 	/usr/lib/libmecabra.dylib
0x00007ff8160e6000 	/usr/lib/libmecab.dylib
0x00007ff80c8f0000 	/usr/lib/libCRFSuite.dylib
0x00007ff816140000 	/usr/lib/libgermantok.dylib
0x00007ff816cc9000 	/usr/lib/libThaiTokenizer.dylib
0x00007ff81276c000 	/System/Library/Frameworks/Accelerate.framework/Versions/A/Frameworks/vImage.framework/Versions/A/vImage
0x00007ff81ce0b000 	/System/Library/Frameworks/Accelerate.framework/Versions/A/Frameworks/vecLib.framework/Versions/A/vecLib
0x00007ff8172b7000 	/System/Library/Frameworks/Accelerate.framework/Versions/A/Frameworks/vecLib.framework/Versions/A/libvMisc.dylib
0x00007ff815b34000 	/System/Library/Frameworks/Accelerate.framework/Versions/A/Frameworks/vecLib.framework/Versions/A/libvDSP.dylib
0x00007ff80c564000 	/System/Library/Frameworks/Accelerate.framework/Versions/A/Frameworks/vecLib.framework/Versions/A/libBLAS.dylib
0x00007ff816e00000 	/System/Library/Frameworks/Accelerate.framework/Versions/A/Frameworks/vecLib.framework/Versions/A/libLAPACK.dylib
0x00007ff816143000 	/System/Library/Frameworks/Accelerate.framework/Versions/A/Frameworks/vecLib.framework/Versions/A/libLinearAlgebra.dylib
0x00007ff816d06000 	/System/Library/Frameworks/Accelerate.framework/Versions/A/Frameworks/vecLib.framework/Versions/A/libSparseBLAS.dylib
0x00007ff816dfa000 	/System/Library/Frameworks/Accelerate.framework/Versions/A/Frameworks/vecLib.framework/Versions/A/libQuadrature.dylib
0x00007ff815460000 	/System/Library/Frameworks/Accelerate.framework/Versions/A/Frameworks/vecLib.framework/Versions/A/libBNNS.dylib
0x00007ff80c7fe000 	/System/Library/Frameworks/Accelerate.framework/Versions/A/Frameworks/vecLib.framework/Versions/A/libSparse.dylib
0x00007ff815459000 	/System/Library/PrivateFrameworks/LinguisticData.framework/Versions/A/LinguisticData
0x00007ff80c7b4000 	/System/Library/PrivateFrameworks/Lexicon.framework/Versions/A/Lexicon
0x00007ff8172b0000 	/usr/lib/libChineseTokenizer.dylib
0x00007ff80cf1f000 	/System/Library/PrivateFrameworks/LanguageModeling.framework/Versions/A/LanguageModeling
0x00007ff816ccb000 	/System/Library/PrivateFrameworks/AppleSauce.framework/Versions/A/AppleSauce
0x00007ff815cf7000 	/System/Library/PrivateFrameworks/CoreEmoji.framework/Versions/A/CoreEmoji
0x00007ff816bcb000 	/usr/lib/libcmph.dylib
0x00007ff8133c3000 	/System/Library/Frameworks/OpenDirectory.framework/Versions/A/Frameworks/CFOpenDirectory.framework/Versions/A/CFOpenDirectory
0x00007ff8133b7000 	/System/Library/Frameworks/OpenDirectory.framework/Versions/A/OpenDirectory
0x00007ff817209000 	/System/Library/PrivateFrameworks/APFS.framework/Versions/A/APFS
0x00007ff81600d000 	/System/Library/Frameworks/SecurityFoundation.framework/Versions/A/SecurityFoundation
0x00007ff817284000 	/usr/lib/libutil.dylib
0x00007ff80e60f000 	/System/Library/PrivateFrameworks/CoreServicesStore.framework/Versions/A/CoreServicesStore
0x00007ff817288000 	/usr/lib/libxslt.1.dylib
0x00007ff81609a000 	/System/Library/PrivateFrameworks/BackgroundTaskManagement.framework/Versions/A/BackgroundTaskManagement
0x00007ff8186f5000 	/System/Library/Frameworks/ImageIO.framework/Versions/A/Resources/libRadiance.dylib
0x00007ff8186fe000 	/System/Library/Frameworks/ImageIO.framework/Versions/A/Resources/libJPEG.dylib
0x00007ff81864d000 	/System/Library/Frameworks/ImageIO.framework/Versions/A/Resources/libPng.dylib
0x00007ff81866e000 	/System/Library/Frameworks/ImageIO.framework/Versions/A/Resources/libTIFF.dylib
0x00007ff81875e000 	/System/Library/Frameworks/ImageIO.framework/Versions/A/Resources/libGIF.dylib
0x00007ff817f88000 	/System/Library/Frameworks/ImageIO.framework/Versions/A/Resources/libJP2.dylib
0x00007ff8176c6000 	/usr/lib/libexpat.1.dylib
0x00007ff817f3d000 	/System/Library/PrivateFrameworks/AppleJPEG.framework/Versions/A/AppleJPEG
0x00007ff8148a9000 	/System/Library/PrivateFrameworks/FontServices.framework/libFontParser.dylib
0x00007ff8123bc000 	/System/Library/PrivateFrameworks/RunningBoardServices.framework/Versions/A/RunningBoardServices
0x00007ff8230c6000 	/System/Library/PrivateFrameworks/IOSurfaceAccelerator.framework/Versions/A/IOSurfaceAccelerator
0x00007ff81806a000 	/System/Library/PrivateFrameworks/WatchdogClient.framework/Versions/A/WatchdogClient
0x00007ff80d00d000 	/System/Library/Frameworks/CoreDisplay.framework/Versions/A/CoreDisplay
0x00007ff8147a7000 	/System/Library/Frameworks/CoreMedia.framework/Versions/A/CoreMedia
0x00007ff81463b000 	/System/Library/PrivateFrameworks/IOAccelerator.framework/Versions/A/IOAccelerator
0x00007ff813540000 	/System/Library/Frameworks/CoreVideo.framework/Versions/A/CoreVideo
0x00007ff816d1c000 	/System/Library/Frameworks/MetalPerformanceShaders.framework/Versions/A/MetalPerformanceShaders
0x00007ff8180a7000 	/System/Library/Frameworks/VideoToolbox.framework/Versions/A/VideoToolbox
0x00007ff812306000 	/System/Library/PrivateFrameworks/BaseBoard.framework/Versions/A/BaseBoard
0x00007ff81208d000 	/System/Library/PrivateFrameworks/ProtocolBuffer.framework/Versions/A/ProtocolBuffer
0x00007ff8186ee000 	/System/Library/PrivateFrameworks/GPUWrangler.framework/Versions/A/GPUWrangler
0x00007ff8186d2000 	/System/Library/PrivateFrameworks/IOPresentment.framework/Versions/A/IOPresentment
0x00007ff8186f8000 	/System/Library/PrivateFrameworks/DSExternalDisplay.framework/Versions/A/DSExternalDisplay
0x00007ffa24a7f000 	/System/Library/Frameworks/OpenGL.framework/Versions/A/Libraries/libCoreFSCache.dylib
0x00007ffb11b56000 	/System/Library/PrivateFrameworks/GPUCompiler.framework/Versions/31001/Libraries/libGPUCompilerUtils.dylib
0x00007ff818763000 	/System/Library/PrivateFrameworks/CMCaptureCore.framework/Versions/A/CMCaptureCore
0x00007ff817c6e000 	/System/Library/PrivateFrameworks/AppServerSupport.framework/Versions/A/AppServerSupport
0x00007ff819f31000 	/System/Library/PrivateFrameworks/perfdata.framework/Versions/A/perfdata
0x00007ff80d139000 	/System/Library/PrivateFrameworks/AudioToolboxCore.framework/Versions/A/AudioToolboxCore
0x00007ff814785000 	/System/Library/PrivateFrameworks/caulk.framework/Versions/A/caulk
0x00007ff819843000 	/usr/lib/libAudioStatistics.dylib
0x00007ff911537000 	/System/Library/PrivateFrameworks/SystemPolicy.framework/Versions/A/SystemPolicy
0x00007ff819a9e000 	/usr/lib/libSMC.dylib
0x00007ff8229be000 	/System/Library/Frameworks/CoreMIDI.framework/Versions/A/CoreMIDI
0x00007ff81861c000 	/usr/lib/libAudioToolboxUtility.dylib
0x00007ff90d763000 	/System/Library/PrivateFrameworks/OSAServicesClient.framework/Versions/A/OSAServicesClient
0x00007ff819f3e000 	/usr/lib/libperfcheck.dylib
0x00007ff911fe4000 	/usr/lib/libmis.dylib
0x00007ffa24ada000 	/System/Library/Frameworks/OpenGL.framework/Versions/A/Libraries/libGLU.dylib
0x00007ffa24a9e000 	/System/Library/Frameworks/OpenGL.framework/Versions/A/Libraries/libGFXShared.dylib
0x00007ffa24ca7000 	/System/Library/Frameworks/OpenGL.framework/Versions/A/Libraries/libGL.dylib
0x00007ffa24aa7000 	/System/Library/Frameworks/OpenGL.framework/Versions/A/Libraries/libGLImage.dylib
0x00007ffa24a9b000 	/System/Library/Frameworks/OpenGL.framework/Versions/A/Libraries/libCVMSPluginSupport.dylib
0x00007ffa24a86000 	/System/Library/Frameworks/OpenGL.framework/Versions/A/Libraries/libCoreVMClient.dylib
0x00007ff8152f1000 	/System/Library/Frameworks/MetalPerformanceShaders.framework/Versions/A/Frameworks/MPSCore.framework/Versions/A/MPSCore
0x00007ff8166b3000 	/System/Library/Frameworks/MetalPerformanceShaders.framework/Versions/A/Frameworks/MPSImage.framework/Versions/A/MPSImage
0x00007ff816159000 	/System/Library/Frameworks/MetalPerformanceShaders.framework/Versions/A/Frameworks/MPSNeuralNetwork.framework/Versions/A/MPSNeuralNetwork
0x00007ff8165cd000 	/System/Library/Frameworks/MetalPerformanceShaders.framework/Versions/A/Frameworks/MPSMatrix.framework/Versions/A/MPSMatrix
0x00007ff816388000 	/System/Library/Frameworks/MetalPerformanceShaders.framework/Versions/A/Frameworks/MPSRayIntersector.framework/Versions/A/MPSRayIntersector
0x00007ff816605000 	/System/Library/Frameworks/MetalPerformanceShaders.framework/Versions/A/Frameworks/MPSNDArray.framework/Versions/A/MPSNDArray
0x00007ffa2a55f000 	/System/Library/Frameworks/MetalPerformanceShaders.framework/Versions/A/Frameworks/MPSFunctions.framework/Versions/A/MPSFunctions
0x00007ff80c440000 	/System/Library/PrivateFrameworks/MetalTools.framework/Versions/A/MetalTools
0x00007ff81536d000 	/System/Library/PrivateFrameworks/AggregateDictionary.framework/Versions/A/AggregateDictionary
0x00007ff8174a8000 	/usr/lib/libIOReport.dylib
0x00007ffa260b6000 	/System/Library/Frameworks/OpenCL.framework/Versions/A/OpenCL
0x00007ff81780c000 	/System/Library/PrivateFrameworks/FaceCore.framework/Versions/A/FaceCore
0x00007ff8177fd000 	/System/Library/PrivateFrameworks/GraphVisualizer.framework/Versions/A/GraphVisualizer
0x00007ffb11a61000 	/System/Library/PrivateFrameworks/FontServices.framework/Versions/A/FontServices
0x00007ff817c26000 	/System/Library/PrivateFrameworks/OTSVG.framework/Versions/A/OTSVG
0x00007ff813126000 	/System/Library/Frameworks/ApplicationServices.framework/Versions/A/Frameworks/ATS.framework/Versions/A/Resources/libFontRegistry.dylib
0x00007ff817c76000 	/System/Library/PrivateFrameworks/FontServices.framework/libhvf.dylib
0x00007ffb11a62000 	/System/Library/PrivateFrameworks/FontServices.framework/libXTFontStaticRegistryData.dylib
0x00007ff817676000 	/System/Library/PrivateFrameworks/AppleVA.framework/Versions/A/AppleVA
0x00007ff819863000 	/System/Library/Frameworks/ApplicationServices.framework/Versions/A/Frameworks/ATS.framework/Versions/A/ATS
0x00007ff8117d3000 	/System/Library/Frameworks/ApplicationServices.framework/Versions/A/Frameworks/HIServices.framework/Versions/A/HIServices
0x00007ff81876d000 	/System/Library/Frameworks/ApplicationServices.framework/Versions/A/Frameworks/PrintCore.framework/Versions/A/PrintCore
0x00007ff819bf1000 	/System/Library/Frameworks/ApplicationServices.framework/Versions/A/Frameworks/QD.framework/Versions/A/QD
0x00007ff819be9000 	/System/Library/Frameworks/ApplicationServices.framework/Versions/A/Frameworks/ColorSyncLegacy.framework/Versions/A/ColorSyncLegacy
0x00007ff819853000 	/System/Library/Frameworks/ApplicationServices.framework/Versions/A/Frameworks/SpeechSynthesis.framework/Versions/A/SpeechSynthesis
0x00007ff81872e000 	/System/Library/Frameworks/ApplicationServices.framework/Versions/A/Frameworks/ATSUI.framework/Versions/A/ATSUI
0x00007ff819b7e000 	/usr/lib/libcups.2.dylib
0x00007ff819f4d000 	/System/Library/Frameworks/Kerberos.framework/Versions/A/Kerberos
0x00007ff819f5c000 	/System/Library/Frameworks/GSS.framework/Versions/A/GSS
0x00007ff8198cf000 	/usr/lib/libresolv.9.dylib
0x00007ff817c85000 	/System/Library/PrivateFrameworks/Heimdal.framework/Versions/A/Heimdal
0x00007ff820b41000 	/System/Library/Frameworks/Kerberos.framework/Versions/A/Libraries/libHeimdalProxy.dylib
0x00007ff812490000 	/System/Library/Frameworks/Network.framework/Versions/A/Network
0x00007ff8176e0000 	/usr/lib/libheimdal-asn1.dylib
0x00007ff819fa7000 	/System/Library/PrivateFrameworks/CommonAuth.framework/Versions/A/CommonAuth
0x00007ff8197d5000 	/System/Library/PrivateFrameworks/AudioSession.framework/Versions/A/AudioSession
0x00007ff817770000 	/System/Library/PrivateFrameworks/MediaExperience.framework/Versions/A/MediaExperience
0x00007ff819667000 	/System/Library/PrivateFrameworks/AudioSession.framework/libSessionUtility.dylib
0x00007ff819bfd000 	/System/Library/PrivateFrameworks/AudioResourceArbitration.framework/Versions/A/AudioResourceArbitration
0x00007ff81dc7e000 	/System/Library/PrivateFrameworks/PowerLog.framework/Versions/A/PowerLog
0x00007ff8176e9000 	/System/Library/PrivateFrameworks/IconFoundation.framework/Versions/A/IconFoundation
0x00007ff81ca34000 	/System/Library/PrivateFrameworks/SpeechRecognitionCore.framework/Versions/A/SpeechRecognitionCore
0x0000000103be2000 	/Users/minggaoxi/.vscode/extensions/sonarsource.sonarlint-vscode-3.12.0-darwin-x64/jre/17.0.5-macosx-x86_64.tar/lib/server/libjvm.dylib
0x0000000102ac0000 	/Users/minggaoxi/.vscode/extensions/sonarsource.sonarlint-vscode-3.12.0-darwin-x64/jre/17.0.5-macosx-x86_64.tar/lib/libjimage.dylib
0x0000000102b37000 	/Users/minggaoxi/.vscode/extensions/sonarsource.sonarlint-vscode-3.12.0-darwin-x64/jre/17.0.5-macosx-x86_64.tar/lib/libjava.dylib
0x0000000102b29000 	/Users/minggaoxi/.vscode/extensions/sonarsource.sonarlint-vscode-3.12.0-darwin-x64/jre/17.0.5-macosx-x86_64.tar/lib/libzip.dylib
0x0000000102e16000 	/Users/minggaoxi/.vscode/extensions/sonarsource.sonarlint-vscode-3.12.0-darwin-x64/jre/17.0.5-macosx-x86_64.tar/lib/libnio.dylib
0x0000000102e45000 	/Users/minggaoxi/.vscode/extensions/sonarsource.sonarlint-vscode-3.12.0-darwin-x64/jre/17.0.5-macosx-x86_64.tar/lib/libnet.dylib
0x0000000102e09000 	/Users/minggaoxi/.vscode/extensions/sonarsource.sonarlint-vscode-3.12.0-darwin-x64/jre/17.0.5-macosx-x86_64.tar/lib/libextnet.dylib
0x0000000102e5f000 	/Users/minggaoxi/.vscode/extensions/sonarsource.sonarlint-vscode-3.12.0-darwin-x64/jre/17.0.5-macosx-x86_64.tar/lib/libverify.dylib


VM Arguments:
java_command: /Users/minggaoxi/.vscode/extensions/sonarsource.sonarlint-vscode-3.12.0-darwin-x64/server/sonarlint-ls.jar 63263 -analyzers /Users/minggaoxi/.vscode/extensions/sonarsource.sonarlint-vscode-3.12.0-darwin-x64/analyzers/sonarjava.jar /Users/minggaoxi/.vscode/extensions/sonarsource.sonarlint-vscode-3.12.0-darwin-x64/analyzers/sonarjs.jar /Users/minggaoxi/.vscode/extensions/sonarsource.sonarlint-vscode-3.12.0-darwin-x64/analyzers/sonarphp.jar /Users/minggaoxi/.vscode/extensions/sonarsource.sonarlint-vscode-3.12.0-darwin-x64/analyzers/sonarpython.jar /Users/minggaoxi/.vscode/extensions/sonarsource.sonarlint-vscode-3.12.0-darwin-x64/analyzers/sonarhtml.jar /Users/minggaoxi/.vscode/extensions/sonarsource.sonarlint-vscode-3.12.0-darwin-x64/analyzers/sonarxml.jar /Users/minggaoxi/.vscode/extensions/sonarsource.sonarlint-vscode-3.12.0-darwin-x64/analyzers/sonarcfamily.jar -extraAnalyzers /Users/minggaoxi/.vscode/extensions/sonarsource.sonarlint-vscode-3.12.0-darwin-x64/analyzers/sonarsecrets.jar
java_class_path (initial): /Users/minggaoxi/.vscode/extensions/sonarsource.sonarlint-vscode-3.12.0-darwin-x64/server/sonarlint-ls.jar
Launcher Type: SUN_STANDARD

[Global flags]
     intx CICompilerCount                          = 12                                        {product} {ergonomic}
     uint ConcGCThreads                            = 3                                         {product} {ergonomic}
     uint G1ConcRefinementThreads                  = 13                                        {product} {ergonomic}
   size_t G1HeapRegionSize                         = 8388608                                   {product} {ergonomic}
    uintx GCDrainStackTargetSize                   = 64                                        {product} {ergonomic}
   size_t InitialHeapSize                          = 1073741824                                {product} {ergonomic}
   size_t MarkStackSize                            = 4194304                                   {product} {ergonomic}
   size_t MaxHeapSize                              = 17179869184                               {product} {ergonomic}
   size_t MaxNewSize                               = 10301210624                               {product} {ergonomic}
   size_t MinHeapDeltaBytes                        = 8388608                                   {product} {ergonomic}
   size_t MinHeapSize                              = 8388608                                   {product} {ergonomic}
    uintx NonNMethodCodeHeapSize                   = 7602480                                {pd product} {ergonomic}
    uintx NonProfiledCodeHeapSize                  = 122027880                              {pd product} {ergonomic}
    uintx ProfiledCodeHeapSize                     = 122027880                              {pd product} {ergonomic}
    uintx ReservedCodeCacheSize                    = 251658240                              {pd product} {ergonomic}
     bool SegmentedCodeCache                       = true                                      {product} {ergonomic}
   size_t SoftMaxHeapSize                          = 17179869184                            {manageable} {ergonomic}
     bool UseCompressedClassPointers               = true                           {product lp64_product} {ergonomic}
     bool UseCompressedOops                        = true                           {product lp64_product} {ergonomic}
     bool UseG1GC                                  = true                                      {product} {ergonomic}
     bool UseNUMA                                  = false                                     {product} {ergonomic}
     bool UseNUMAInterleaving                      = false                                     {product} {ergonomic}

Logging:
Log output configuration:
 #0: stdout all=warning uptime,level,tags
 #1: stderr all=off uptime,level,tags

Environment Variables:
JAVA_HOME=/Users/minggaoxi/.sdkman/candidates/java/current
PATH=/Users/minggaoxi/.krew/bin:/Users/minggaoxi/.sdkman/candidates/java/current/bin:/usr/local/Caskroom/miniconda/base/condabin:/Users/minggaoxi/Library/Python/3.10/bin:/Users/minggaoxi/.local/bin:/Users/minggaoxi/.asdf/shims:/usr/local/opt/asdf/libexec/bin:/usr/local/bin:/usr/bin:/bin:/usr/sbin:/sbin:/Library/Apple/usr/bin:/Applications/Wireshark.app/Contents/MacOS:/Users/minggaoxi/.cargo/bin
SHELL=/bin/zsh
LC_CTYPE=UTF-8
TERM=xterm-256color
TMPDIR=/var/folders/l4/8p5jfm553jb9dry35m1vz5240000gn/T/

Signal Handlers:
   SIGSEGV: crash_handler in libjvm.dylib, mask=11100110000111110111111111111111, flags=SA_RESTART|SA_SIGINFO
    SIGBUS: crash_handler in libjvm.dylib, mask=11100110000111110111111111111111, flags=SA_RESTART|SA_SIGINFO
    SIGFPE: crash_handler in libjvm.dylib, mask=11100110000111110111111111111111, flags=SA_RESTART|SA_SIGINFO
   SIGPIPE: javaSignalHandler in libjvm.dylib, mask=11100110000111110111111111111111, flags=SA_RESTART|SA_SIGINFO
   SIGXFSZ: javaSignalHandler in libjvm.dylib, mask=11100110000111110111111111111111, flags=SA_RESTART|SA_SIGINFO
    SIGILL: crash_handler in libjvm.dylib, mask=11100110000111110111111111111111, flags=SA_RESTART|SA_SIGINFO
   SIGUSR2: SR_handler in libjvm.dylib, mask=00000000000000000000000000000000, flags=SA_RESTART|SA_SIGINFO
    SIGHUP: UserHandler in libjvm.dylib, mask=11100110000111110111111111111111, flags=SA_RESTART|SA_SIGINFO
    SIGINT: UserHandler in libjvm.dylib, mask=11100110000111110111111111111111, flags=SA_RESTART|SA_SIGINFO
   SIGTERM: UserHandler in libjvm.dylib, mask=11100110000111110111111111111111, flags=SA_RESTART|SA_SIGINFO
   SIGQUIT: UserHandler in libjvm.dylib, mask=11100110000111110111111111111111, flags=SA_RESTART|SA_SIGINFO
  *** Handler was modified!
  *** Expected: javaSignalHandler in libjvm.dylib, mask=11100110100111111111111111111111, flags=SA_RESTART|SA_SIGINFO
   SIGTRAP: crash_handler in libjvm.dylib, mask=11100110000111110111111111111111, flags=SA_RESTART|SA_SIGINFO


---------------  S Y S T E M  ---------------

OS:
uname: Darwin 21.6.0 Darwin Kernel Version 21.6.0: Mon Aug 22 20:17:10 PDT 2022; root:xnu-8020.140.49~2/RELEASE_X86_64 x86_64
OS uptime: 1 days 2:04 hours
rlimit (soft/hard): STACK 8192k/65532k , CORE 0k/infinity , NPROC 11136/16704 , NOFILE 10240/infinity , AS infinity/infinity , CPU infinity/infinity , DATA infinity/infinity , FSIZE infinity/infinity , MEMLOCK infinity/infinity , RSS infinity/infinity
load average: 3.66 3.62 3.35

CPU: total 16 (initial active 16) (8 cores per cpu, 2 threads per core) family 6 model 158 stepping 13 microcode 0xf0, cx8, cmov, fxsr, ht, mmx, 3dnowpref, sse, sse2, sse3, ssse3, sse4.1, sse4.2, popcnt, lzcnt, tsc, tscinvbit, avx, avx2, aes, erms, clmul, bmi1, bmi2, adx, fma, vzeroupper, clflush, clflushopt

Memory: 4k page, physical 67108864k(3444596k free), swap 2097152k(1035264k free)

vm_info: OpenJDK 64-Bit Server VM (17.0.5+8) for bsd-amd64 JRE (17.0.5+8), built on Oct 19 2022 04:30:55 by "temurin" with clang 4.2.1 Compatible Apple LLVM 10.0.1 (clang-1001.0.46.4)

END.
